{"__type":"$$EventMessageAudit","id":"d3b202f3-2586-4d99-8ee0-bff1962f9fee","ts":"2026-02-22T06:48:24.528-05:00","eventName":"n8n.audit.user.login.success","message":"n8n.audit.user.login.success","payload":{"userId":"2cfd855e-e925-4037-91b7-b25cacedd3df","_email":"muhammadthifaaldzaki@gmail.com","_firstName":"Muhammad Thifaal","_lastName":"Dzaki","globalRole":"global:owner","authenticationMethod":"email"}}
{"__type":"$$EventMessageConfirm","confirm":"d3b202f3-2586-4d99-8ee0-bff1962f9fee","ts":"2026-02-22T06:48:24.529-05:00","source":{"id":"0","name":"eventBus"}}
{"__type":"$$EventMessageWorkflow","id":"f11ba866-43df-4361-8485-6f0e3e2858d9","ts":"2026-02-22T06:49:11.520-05:00","eventName":"n8n.workflow.started","message":"n8n.workflow.started","payload":{"executionId":"114","workflowId":"L9sBM1MQk934J5qg","isManual":false,"workflowName":"My workflow"}}
{"__type":"$$EventMessageConfirm","confirm":"f11ba866-43df-4361-8485-6f0e3e2858d9","ts":"2026-02-22T06:49:11.520-05:00","source":{"id":"0","name":"eventBus"}}
{"__type":"$$EventMessageNode","id":"a29008aa-853a-4da6-acea-9431893694cb","ts":"2026-02-22T06:49:11.521-05:00","eventName":"n8n.node.started","message":"n8n.node.started","payload":{"workflowId":"L9sBM1MQk934J5qg","workflowName":"My workflow","executionId":"114","nodeType":"n8n-nodes-base.webhook","nodeName":"Webhook","nodeId":"91d61e27-914b-4048-9007-ec2041466e06"}}
{"__type":"$$EventMessageConfirm","confirm":"a29008aa-853a-4da6-acea-9431893694cb","ts":"2026-02-22T06:49:11.521-05:00","source":{"id":"0","name":"eventBus"}}
{"__type":"$$EventMessageNode","id":"4e9a08a0-b57b-44bb-90f0-478183ea39c2","ts":"2026-02-22T06:49:11.522-05:00","eventName":"n8n.node.finished","message":"n8n.node.finished","payload":{"workflowId":"L9sBM1MQk934J5qg","workflowName":"My workflow","executionId":"114","nodeType":"n8n-nodes-base.webhook","nodeName":"Webhook","nodeId":"91d61e27-914b-4048-9007-ec2041466e06"}}
{"__type":"$$EventMessageConfirm","confirm":"4e9a08a0-b57b-44bb-90f0-478183ea39c2","ts":"2026-02-22T06:49:11.522-05:00","source":{"id":"0","name":"eventBus"}}
{"__type":"$$EventMessageNode","id":"7d605600-5772-46e0-827b-f446888c5ced","ts":"2026-02-22T06:49:11.523-05:00","eventName":"n8n.node.started","message":"n8n.node.started","payload":{"workflowId":"L9sBM1MQk934J5qg","workflowName":"My workflow","executionId":"114","nodeType":"n8n-nodes-base.readWriteFile","nodeName":"Read/Write Files from Disk","nodeId":"17174a17-effa-446a-9641-1661eb1634e3"}}
{"__type":"$$EventMessageConfirm","confirm":"7d605600-5772-46e0-827b-f446888c5ced","ts":"2026-02-22T06:49:11.523-05:00","source":{"id":"0","name":"eventBus"}}
{"__type":"$$EventMessageNode","id":"f225d77c-ab7c-45e6-9399-264d0da4cc00","ts":"2026-02-22T06:49:11.548-05:00","eventName":"n8n.node.finished","message":"n8n.node.finished","payload":{"workflowId":"L9sBM1MQk934J5qg","workflowName":"My workflow","executionId":"114","nodeType":"n8n-nodes-base.readWriteFile","nodeName":"Read/Write Files from Disk","nodeId":"17174a17-effa-446a-9641-1661eb1634e3"}}
{"__type":"$$EventMessageConfirm","confirm":"f225d77c-ab7c-45e6-9399-264d0da4cc00","ts":"2026-02-22T06:49:11.548-05:00","source":{"id":"0","name":"eventBus"}}
{"__type":"$$EventMessageWorkflow","id":"9268857f-3726-4f54-a436-5c08aa93ecf1","ts":"2026-02-22T06:49:11.550-05:00","eventName":"n8n.workflow.failed","message":"n8n.workflow.failed","payload":{"executionId":"114","success":false,"isManual":false,"workflowId":"L9sBM1MQk934J5qg","workflowName":"My workflow","lastNodeExecuted":"Read/Write Files from Disk","errorNodeType":"n8n-nodes-base.readWriteFile","errorMessage":"Forbidden by access permissions, make sure you have the right permissions"}}
{"__type":"$$EventMessageConfirm","confirm":"9268857f-3726-4f54-a436-5c08aa93ecf1","ts":"2026-02-22T06:49:11.550-05:00","source":{"id":"0","name":"eventBus"}}
{"__type":"$$EventMessageWorkflow","id":"7975d9a7-72cc-4cf3-a829-ae7d7d68d6ab","ts":"2026-02-22T06:50:15.348-05:00","eventName":"n8n.workflow.started","message":"n8n.workflow.started","payload":{"executionId":"115","workflowId":"L9sBM1MQk934J5qg","isManual":false,"workflowName":"My workflow"}}
{"__type":"$$EventMessageConfirm","confirm":"7975d9a7-72cc-4cf3-a829-ae7d7d68d6ab","ts":"2026-02-22T06:50:15.348-05:00","source":{"id":"0","name":"eventBus"}}
{"__type":"$$EventMessageNode","id":"2f1dd7c0-c483-4319-ae0f-3c54ef6c914c","ts":"2026-02-22T06:50:15.350-05:00","eventName":"n8n.node.started","message":"n8n.node.started","payload":{"workflowId":"L9sBM1MQk934J5qg","workflowName":"My workflow","executionId":"115","nodeType":"n8n-nodes-base.webhook","nodeName":"Webhook","nodeId":"91d61e27-914b-4048-9007-ec2041466e06"}}
{"__type":"$$EventMessageConfirm","confirm":"2f1dd7c0-c483-4319-ae0f-3c54ef6c914c","ts":"2026-02-22T06:50:15.350-05:00","source":{"id":"0","name":"eventBus"}}
{"__type":"$$EventMessageNode","id":"5693031f-facd-4574-b7fa-a336a34f9e00","ts":"2026-02-22T06:50:15.351-05:00","eventName":"n8n.node.finished","message":"n8n.node.finished","payload":{"workflowId":"L9sBM1MQk934J5qg","workflowName":"My workflow","executionId":"115","nodeType":"n8n-nodes-base.webhook","nodeName":"Webhook","nodeId":"91d61e27-914b-4048-9007-ec2041466e06"}}
{"__type":"$$EventMessageConfirm","confirm":"5693031f-facd-4574-b7fa-a336a34f9e00","ts":"2026-02-22T06:50:15.351-05:00","source":{"id":"0","name":"eventBus"}}
{"__type":"$$EventMessageNode","id":"71e6491d-3c58-4687-b309-6fffed4e3d70","ts":"2026-02-22T06:50:15.352-05:00","eventName":"n8n.node.started","message":"n8n.node.started","payload":{"workflowId":"L9sBM1MQk934J5qg","workflowName":"My workflow","executionId":"115","nodeType":"n8n-nodes-base.readWriteFile","nodeName":"Read/Write Files from Disk","nodeId":"17174a17-effa-446a-9641-1661eb1634e3"}}
{"__type":"$$EventMessageConfirm","confirm":"71e6491d-3c58-4687-b309-6fffed4e3d70","ts":"2026-02-22T06:50:15.352-05:00","source":{"id":"0","name":"eventBus"}}
{"__type":"$$EventMessageNode","id":"e9ce8408-babf-473b-82fa-8c7bf2e26892","ts":"2026-02-22T06:50:15.365-05:00","eventName":"n8n.node.finished","message":"n8n.node.finished","payload":{"workflowId":"L9sBM1MQk934J5qg","workflowName":"My workflow","executionId":"115","nodeType":"n8n-nodes-base.readWriteFile","nodeName":"Read/Write Files from Disk","nodeId":"17174a17-effa-446a-9641-1661eb1634e3"}}
{"__type":"$$EventMessageConfirm","confirm":"e9ce8408-babf-473b-82fa-8c7bf2e26892","ts":"2026-02-22T06:50:15.366-05:00","source":{"id":"0","name":"eventBus"}}
{"__type":"$$EventMessageNode","id":"d384196d-9f59-43c9-887e-80976426a44c","ts":"2026-02-22T06:50:15.366-05:00","eventName":"n8n.node.started","message":"n8n.node.started","payload":{"workflowId":"L9sBM1MQk934J5qg","workflowName":"My workflow","executionId":"115","nodeType":"n8n-nodes-base.set","nodeName":"Edit Fields","nodeId":"5cea0da3-333f-4cd4-a40d-71f9271539b8"}}
{"__type":"$$EventMessageConfirm","confirm":"d384196d-9f59-43c9-887e-80976426a44c","ts":"2026-02-22T06:50:15.366-05:00","source":{"id":"0","name":"eventBus"}}
{"__type":"$$EventMessageNode","id":"48fae5a9-204c-4cc3-974f-ce37c5458277","ts":"2026-02-22T06:50:15.437-05:00","eventName":"n8n.node.finished","message":"n8n.node.finished","payload":{"workflowId":"L9sBM1MQk934J5qg","workflowName":"My workflow","executionId":"115","nodeType":"n8n-nodes-base.set","nodeName":"Edit Fields","nodeId":"5cea0da3-333f-4cd4-a40d-71f9271539b8"}}
{"__type":"$$EventMessageConfirm","confirm":"48fae5a9-204c-4cc3-974f-ce37c5458277","ts":"2026-02-22T06:50:15.438-05:00","source":{"id":"0","name":"eventBus"}}
{"__type":"$$EventMessageNode","id":"3049dcab-6b6f-4480-9c88-0d7ffe97ef87","ts":"2026-02-22T06:50:15.438-05:00","eventName":"n8n.node.started","message":"n8n.node.started","payload":{"workflowId":"L9sBM1MQk934J5qg","workflowName":"My workflow","executionId":"115","nodeType":"n8n-nodes-base.mySql","nodeName":"Execute a SQL query","nodeId":"fed555eb-461d-43f3-aa5b-555ffde10d47"}}
{"__type":"$$EventMessageConfirm","confirm":"3049dcab-6b6f-4480-9c88-0d7ffe97ef87","ts":"2026-02-22T06:50:15.438-05:00","source":{"id":"0","name":"eventBus"}}
{"__type":"$$EventMessageNode","id":"e54ae8a0-ccda-48e2-bcff-cb3982281d13","ts":"2026-02-22T06:50:15.487-05:00","eventName":"n8n.node.finished","message":"n8n.node.finished","payload":{"workflowId":"L9sBM1MQk934J5qg","workflowName":"My workflow","executionId":"115","nodeType":"n8n-nodes-base.mySql","nodeName":"Execute a SQL query","nodeId":"fed555eb-461d-43f3-aa5b-555ffde10d47"}}
{"__type":"$$EventMessageConfirm","confirm":"e54ae8a0-ccda-48e2-bcff-cb3982281d13","ts":"2026-02-22T06:50:15.487-05:00","source":{"id":"0","name":"eventBus"}}
{"__type":"$$EventMessageNode","id":"06062b34-7caa-4c1f-97ed-806b1ff82fb7","ts":"2026-02-22T06:50:15.487-05:00","eventName":"n8n.node.started","message":"n8n.node.started","payload":{"workflowId":"L9sBM1MQk934J5qg","workflowName":"My workflow","executionId":"115","nodeType":"n8n-nodes-base.httpRequest","nodeName":"HTTP Request","nodeId":"93d08cc2-6fc1-424f-9d6a-f5ae4fe2dace"}}
{"__type":"$$EventMessageConfirm","confirm":"06062b34-7caa-4c1f-97ed-806b1ff82fb7","ts":"2026-02-22T06:50:15.488-05:00","source":{"id":"0","name":"eventBus"}}
{"__type":"$$EventMessageNode","id":"010624ba-e716-40a9-ac80-85ede04501a0","ts":"2026-02-22T06:50:15.758-05:00","eventName":"n8n.node.finished","message":"n8n.node.finished","payload":{"workflowId":"L9sBM1MQk934J5qg","workflowName":"My workflow","executionId":"115","nodeType":"n8n-nodes-base.httpRequest","nodeName":"HTTP Request","nodeId":"93d08cc2-6fc1-424f-9d6a-f5ae4fe2dace"}}
{"__type":"$$EventMessageConfirm","confirm":"010624ba-e716-40a9-ac80-85ede04501a0","ts":"2026-02-22T06:50:15.758-05:00","source":{"id":"0","name":"eventBus"}}
{"__type":"$$EventMessageWorkflow","id":"544ba1ff-5c75-4c57-9400-3adbe3d09c77","ts":"2026-02-22T06:50:15.760-05:00","eventName":"n8n.workflow.failed","message":"n8n.workflow.failed","payload":{"executionId":"115","success":false,"isManual":false,"workflowId":"L9sBM1MQk934J5qg","workflowName":"My workflow","lastNodeExecuted":"HTTP Request","errorNodeType":"n8n-nodes-base.httpRequest","errorMessage":"The service was not able to process your request"}}
{"__type":"$$EventMessageConfirm","confirm":"544ba1ff-5c75-4c57-9400-3adbe3d09c77","ts":"2026-02-22T06:50:15.761-05:00","source":{"id":"0","name":"eventBus"}}
{"__type":"$$EventMessageWorkflow","id":"12ba640b-1376-4c96-ad7d-078f751a0c8d","ts":"2026-02-22T06:50:54.168-05:00","eventName":"n8n.workflow.started","message":"n8n.workflow.started","payload":{"executionId":"116","workflowId":"L9sBM1MQk934J5qg","isManual":false,"workflowName":"My workflow"}}
{"__type":"$$EventMessageConfirm","confirm":"12ba640b-1376-4c96-ad7d-078f751a0c8d","ts":"2026-02-22T06:50:54.168-05:00","source":{"id":"0","name":"eventBus"}}
{"__type":"$$EventMessageNode","id":"6a95fbfc-2146-46ce-a52f-0f4901c9ae64","ts":"2026-02-22T06:50:54.168-05:00","eventName":"n8n.node.started","message":"n8n.node.started","payload":{"workflowId":"L9sBM1MQk934J5qg","workflowName":"My workflow","executionId":"116","nodeType":"n8n-nodes-base.webhook","nodeName":"Webhook","nodeId":"91d61e27-914b-4048-9007-ec2041466e06"}}
{"__type":"$$EventMessageConfirm","confirm":"6a95fbfc-2146-46ce-a52f-0f4901c9ae64","ts":"2026-02-22T06:50:54.168-05:00","source":{"id":"0","name":"eventBus"}}
{"__type":"$$EventMessageNode","id":"178db388-8617-46a9-b1f7-4ae1caa7e023","ts":"2026-02-22T06:50:54.169-05:00","eventName":"n8n.node.finished","message":"n8n.node.finished","payload":{"workflowId":"L9sBM1MQk934J5qg","workflowName":"My workflow","executionId":"116","nodeType":"n8n-nodes-base.webhook","nodeName":"Webhook","nodeId":"91d61e27-914b-4048-9007-ec2041466e06"}}
{"__type":"$$EventMessageConfirm","confirm":"178db388-8617-46a9-b1f7-4ae1caa7e023","ts":"2026-02-22T06:50:54.169-05:00","source":{"id":"0","name":"eventBus"}}
{"__type":"$$EventMessageNode","id":"1cd9331c-ce3d-40fb-8944-0b2177829659","ts":"2026-02-22T06:50:54.169-05:00","eventName":"n8n.node.started","message":"n8n.node.started","payload":{"workflowId":"L9sBM1MQk934J5qg","workflowName":"My workflow","executionId":"116","nodeType":"n8n-nodes-base.readWriteFile","nodeName":"Read/Write Files from Disk","nodeId":"17174a17-effa-446a-9641-1661eb1634e3"}}
{"__type":"$$EventMessageConfirm","confirm":"1cd9331c-ce3d-40fb-8944-0b2177829659","ts":"2026-02-22T06:50:54.169-05:00","source":{"id":"0","name":"eventBus"}}
{"__type":"$$EventMessageNode","id":"f27e717d-6195-4266-ac59-3d9658673d5b","ts":"2026-02-22T06:50:54.178-05:00","eventName":"n8n.node.finished","message":"n8n.node.finished","payload":{"workflowId":"L9sBM1MQk934J5qg","workflowName":"My workflow","executionId":"116","nodeType":"n8n-nodes-base.readWriteFile","nodeName":"Read/Write Files from Disk","nodeId":"17174a17-effa-446a-9641-1661eb1634e3"}}
{"__type":"$$EventMessageConfirm","confirm":"f27e717d-6195-4266-ac59-3d9658673d5b","ts":"2026-02-22T06:50:54.178-05:00","source":{"id":"0","name":"eventBus"}}
{"__type":"$$EventMessageNode","id":"c32dab1b-62b5-4f50-aefb-1115992f0731","ts":"2026-02-22T06:50:54.178-05:00","eventName":"n8n.node.started","message":"n8n.node.started","payload":{"workflowId":"L9sBM1MQk934J5qg","workflowName":"My workflow","executionId":"116","nodeType":"n8n-nodes-base.set","nodeName":"Edit Fields","nodeId":"5cea0da3-333f-4cd4-a40d-71f9271539b8"}}
{"__type":"$$EventMessageConfirm","confirm":"c32dab1b-62b5-4f50-aefb-1115992f0731","ts":"2026-02-22T06:50:54.179-05:00","source":{"id":"0","name":"eventBus"}}
{"__type":"$$EventMessageNode","id":"cc8b15d8-ecc1-49f5-b48c-249c7dc986b9","ts":"2026-02-22T06:50:54.180-05:00","eventName":"n8n.node.finished","message":"n8n.node.finished","payload":{"workflowId":"L9sBM1MQk934J5qg","workflowName":"My workflow","executionId":"116","nodeType":"n8n-nodes-base.set","nodeName":"Edit Fields","nodeId":"5cea0da3-333f-4cd4-a40d-71f9271539b8"}}
{"__type":"$$EventMessageConfirm","confirm":"cc8b15d8-ecc1-49f5-b48c-249c7dc986b9","ts":"2026-02-22T06:50:54.180-05:00","source":{"id":"0","name":"eventBus"}}
{"__type":"$$EventMessageNode","id":"b738a723-9248-475c-848d-735ee443a290","ts":"2026-02-22T06:50:54.180-05:00","eventName":"n8n.node.started","message":"n8n.node.started","payload":{"workflowId":"L9sBM1MQk934J5qg","workflowName":"My workflow","executionId":"116","nodeType":"n8n-nodes-base.mySql","nodeName":"Execute a SQL query","nodeId":"fed555eb-461d-43f3-aa5b-555ffde10d47"}}
{"__type":"$$EventMessageConfirm","confirm":"b738a723-9248-475c-848d-735ee443a290","ts":"2026-02-22T06:50:54.180-05:00","source":{"id":"0","name":"eventBus"}}
{"__type":"$$EventMessageNode","id":"0a8725c3-d834-4318-9bdc-42627e894e1e","ts":"2026-02-22T06:50:54.190-05:00","eventName":"n8n.node.finished","message":"n8n.node.finished","payload":{"workflowId":"L9sBM1MQk934J5qg","workflowName":"My workflow","executionId":"116","nodeType":"n8n-nodes-base.mySql","nodeName":"Execute a SQL query","nodeId":"fed555eb-461d-43f3-aa5b-555ffde10d47"}}
{"__type":"$$EventMessageConfirm","confirm":"0a8725c3-d834-4318-9bdc-42627e894e1e","ts":"2026-02-22T06:50:54.190-05:00","source":{"id":"0","name":"eventBus"}}
{"__type":"$$EventMessageNode","id":"f98cb479-11a1-4a14-b270-5962460d89c5","ts":"2026-02-22T06:50:54.190-05:00","eventName":"n8n.node.started","message":"n8n.node.started","payload":{"workflowId":"L9sBM1MQk934J5qg","workflowName":"My workflow","executionId":"116","nodeType":"n8n-nodes-base.httpRequest","nodeName":"HTTP Request","nodeId":"93d08cc2-6fc1-424f-9d6a-f5ae4fe2dace"}}
{"__type":"$$EventMessageConfirm","confirm":"f98cb479-11a1-4a14-b270-5962460d89c5","ts":"2026-02-22T06:50:54.190-05:00","source":{"id":"0","name":"eventBus"}}
{"__type":"$$EventMessageNode","id":"679523d8-e01f-47f2-9f61-d6cdfb9ad3b7","ts":"2026-02-22T06:50:58.153-05:00","eventName":"n8n.node.finished","message":"n8n.node.finished","payload":{"workflowId":"L9sBM1MQk934J5qg","workflowName":"My workflow","executionId":"116","nodeType":"n8n-nodes-base.httpRequest","nodeName":"HTTP Request","nodeId":"93d08cc2-6fc1-424f-9d6a-f5ae4fe2dace"}}
{"__type":"$$EventMessageConfirm","confirm":"679523d8-e01f-47f2-9f61-d6cdfb9ad3b7","ts":"2026-02-22T06:50:58.153-05:00","source":{"id":"0","name":"eventBus"}}
{"__type":"$$EventMessageNode","id":"dc9cda8b-cc09-470f-b9a0-2e50a4444cec","ts":"2026-02-22T06:50:58.153-05:00","eventName":"n8n.node.started","message":"n8n.node.started","payload":{"workflowId":"L9sBM1MQk934J5qg","workflowName":"My workflow","executionId":"116","nodeType":"n8n-nodes-base.merge","nodeName":"Merge","nodeId":"f2a446f0-290b-401e-86b6-f7487f7318c9"}}
{"__type":"$$EventMessageConfirm","confirm":"dc9cda8b-cc09-470f-b9a0-2e50a4444cec","ts":"2026-02-22T06:50:58.153-05:00","source":{"id":"0","name":"eventBus"}}
{"__type":"$$EventMessageNode","id":"485a0a8c-8135-4ecc-9b66-3eadad5c7ac1","ts":"2026-02-22T06:50:58.223-05:00","eventName":"n8n.node.finished","message":"n8n.node.finished","payload":{"workflowId":"L9sBM1MQk934J5qg","workflowName":"My workflow","executionId":"116","nodeType":"n8n-nodes-base.merge","nodeName":"Merge","nodeId":"f2a446f0-290b-401e-86b6-f7487f7318c9"}}
{"__type":"$$EventMessageConfirm","confirm":"485a0a8c-8135-4ecc-9b66-3eadad5c7ac1","ts":"2026-02-22T06:50:58.223-05:00","source":{"id":"0","name":"eventBus"}}
{"__type":"$$EventMessageNode","id":"49c241d9-efcf-46db-93da-70b9b682ce08","ts":"2026-02-22T06:50:58.223-05:00","eventName":"n8n.node.started","message":"n8n.node.started","payload":{"workflowId":"L9sBM1MQk934J5qg","workflowName":"My workflow","executionId":"116","nodeType":"n8n-nodes-base.code","nodeName":"Code in JavaScript","nodeId":"2f3162cb-e72d-4317-8f65-aad92bde7cbd"}}
{"__type":"$$EventMessageConfirm","confirm":"49c241d9-efcf-46db-93da-70b9b682ce08","ts":"2026-02-22T06:50:58.223-05:00","source":{"id":"0","name":"eventBus"}}
{"__type":"$$EventMessageRunner","id":"12aed7e0-2beb-4e7a-9cba-37c849d576df","ts":"2026-02-22T06:50:58.236-05:00","eventName":"n8n.runner.task.requested","message":"n8n.runner.task.requested","payload":{"taskId":"IuylzRQa","nodeId":"2f3162cb-e72d-4317-8f65-aad92bde7cbd","workflowId":"L9sBM1MQk934J5qg","executionId":"116"}}
{"__type":"$$EventMessageConfirm","confirm":"12aed7e0-2beb-4e7a-9cba-37c849d576df","ts":"2026-02-22T06:50:58.236-05:00","source":{"id":"0","name":"eventBus"}}
{"__type":"$$EventMessageNode","id":"64e2ebcc-4a30-4e76-9d9c-37f1cba0eecf","ts":"2026-02-22T06:50:58.324-05:00","eventName":"n8n.node.finished","message":"n8n.node.finished","payload":{"workflowId":"L9sBM1MQk934J5qg","workflowName":"My workflow","executionId":"116","nodeType":"n8n-nodes-base.code","nodeName":"Code in JavaScript","nodeId":"2f3162cb-e72d-4317-8f65-aad92bde7cbd"}}
{"__type":"$$EventMessageConfirm","confirm":"64e2ebcc-4a30-4e76-9d9c-37f1cba0eecf","ts":"2026-02-22T06:50:58.324-05:00","source":{"id":"0","name":"eventBus"}}
{"__type":"$$EventMessageWorkflow","id":"c96dfe0f-8e40-464e-a4ab-5fd64efff473","ts":"2026-02-22T06:50:58.324-05:00","eventName":"n8n.workflow.failed","message":"n8n.workflow.failed","payload":{"executionId":"116","success":false,"isManual":false,"workflowId":"L9sBM1MQk934J5qg","workflowName":"My workflow","lastNodeExecuted":"Code in JavaScript","errorMessage":"Cannot read properties of null (reading 'toLowerCase') [line 7]"}}
{"__type":"$$EventMessageConfirm","confirm":"c96dfe0f-8e40-464e-a4ab-5fd64efff473","ts":"2026-02-22T06:50:58.324-05:00","source":{"id":"0","name":"eventBus"}}
{"__type":"$$EventMessageWorkflow","id":"462ef13a-426e-4b80-90c2-e28dc5e8795f","ts":"2026-02-22T06:53:12.007-05:00","eventName":"n8n.workflow.started","message":"n8n.workflow.started","payload":{"executionId":"117","workflowId":"L9sBM1MQk934J5qg","isManual":false,"workflowName":"My workflow"}}
{"__type":"$$EventMessageConfirm","confirm":"462ef13a-426e-4b80-90c2-e28dc5e8795f","ts":"2026-02-22T06:53:12.007-05:00","source":{"id":"0","name":"eventBus"}}
{"__type":"$$EventMessageNode","id":"124c7063-9a27-41de-a9a5-0fd5d33d046a","ts":"2026-02-22T06:53:12.007-05:00","eventName":"n8n.node.started","message":"n8n.node.started","payload":{"workflowId":"L9sBM1MQk934J5qg","workflowName":"My workflow","executionId":"117","nodeType":"n8n-nodes-base.webhook","nodeName":"Webhook","nodeId":"91d61e27-914b-4048-9007-ec2041466e06"}}
{"__type":"$$EventMessageConfirm","confirm":"124c7063-9a27-41de-a9a5-0fd5d33d046a","ts":"2026-02-22T06:53:12.007-05:00","source":{"id":"0","name":"eventBus"}}
{"__type":"$$EventMessageNode","id":"0ce1d01d-115a-4349-ae2c-f7b792e2697b","ts":"2026-02-22T06:53:12.007-05:00","eventName":"n8n.node.finished","message":"n8n.node.finished","payload":{"workflowId":"L9sBM1MQk934J5qg","workflowName":"My workflow","executionId":"117","nodeType":"n8n-nodes-base.webhook","nodeName":"Webhook","nodeId":"91d61e27-914b-4048-9007-ec2041466e06"}}
{"__type":"$$EventMessageConfirm","confirm":"0ce1d01d-115a-4349-ae2c-f7b792e2697b","ts":"2026-02-22T06:53:12.008-05:00","source":{"id":"0","name":"eventBus"}}
{"__type":"$$EventMessageNode","id":"a7aa5300-50d6-4fa6-ab08-66e46f0a69e6","ts":"2026-02-22T06:53:12.008-05:00","eventName":"n8n.node.started","message":"n8n.node.started","payload":{"workflowId":"L9sBM1MQk934J5qg","workflowName":"My workflow","executionId":"117","nodeType":"n8n-nodes-base.readWriteFile","nodeName":"Read/Write Files from Disk","nodeId":"17174a17-effa-446a-9641-1661eb1634e3"}}
{"__type":"$$EventMessageConfirm","confirm":"a7aa5300-50d6-4fa6-ab08-66e46f0a69e6","ts":"2026-02-22T06:53:12.008-05:00","source":{"id":"0","name":"eventBus"}}
{"__type":"$$EventMessageNode","id":"c3c6b502-b52c-4a55-9a83-8779c71fb630","ts":"2026-02-22T06:53:12.016-05:00","eventName":"n8n.node.finished","message":"n8n.node.finished","payload":{"workflowId":"L9sBM1MQk934J5qg","workflowName":"My workflow","executionId":"117","nodeType":"n8n-nodes-base.readWriteFile","nodeName":"Read/Write Files from Disk","nodeId":"17174a17-effa-446a-9641-1661eb1634e3"}}
{"__type":"$$EventMessageConfirm","confirm":"c3c6b502-b52c-4a55-9a83-8779c71fb630","ts":"2026-02-22T06:53:12.016-05:00","source":{"id":"0","name":"eventBus"}}
{"__type":"$$EventMessageNode","id":"746d6db2-c860-4097-850a-cb26d3b4f5d5","ts":"2026-02-22T06:53:12.016-05:00","eventName":"n8n.node.started","message":"n8n.node.started","payload":{"workflowId":"L9sBM1MQk934J5qg","workflowName":"My workflow","executionId":"117","nodeType":"n8n-nodes-base.set","nodeName":"Edit Fields","nodeId":"5cea0da3-333f-4cd4-a40d-71f9271539b8"}}
{"__type":"$$EventMessageConfirm","confirm":"746d6db2-c860-4097-850a-cb26d3b4f5d5","ts":"2026-02-22T06:53:12.016-05:00","source":{"id":"0","name":"eventBus"}}
{"__type":"$$EventMessageNode","id":"46a1db91-eb5d-4210-9af1-92ea3014e94e","ts":"2026-02-22T06:53:12.019-05:00","eventName":"n8n.node.finished","message":"n8n.node.finished","payload":{"workflowId":"L9sBM1MQk934J5qg","workflowName":"My workflow","executionId":"117","nodeType":"n8n-nodes-base.set","nodeName":"Edit Fields","nodeId":"5cea0da3-333f-4cd4-a40d-71f9271539b8"}}
{"__type":"$$EventMessageConfirm","confirm":"46a1db91-eb5d-4210-9af1-92ea3014e94e","ts":"2026-02-22T06:53:12.019-05:00","source":{"id":"0","name":"eventBus"}}
{"__type":"$$EventMessageNode","id":"2c1ff37f-a5f8-4029-857d-dd095e8571b4","ts":"2026-02-22T06:53:12.019-05:00","eventName":"n8n.node.started","message":"n8n.node.started","payload":{"workflowId":"L9sBM1MQk934J5qg","workflowName":"My workflow","executionId":"117","nodeType":"n8n-nodes-base.mySql","nodeName":"Execute a SQL query","nodeId":"fed555eb-461d-43f3-aa5b-555ffde10d47"}}
{"__type":"$$EventMessageConfirm","confirm":"2c1ff37f-a5f8-4029-857d-dd095e8571b4","ts":"2026-02-22T06:53:12.019-05:00","source":{"id":"0","name":"eventBus"}}
{"__type":"$$EventMessageNode","id":"f0d2dd4e-f42f-4f63-825f-49e2de414229","ts":"2026-02-22T06:53:12.029-05:00","eventName":"n8n.node.finished","message":"n8n.node.finished","payload":{"workflowId":"L9sBM1MQk934J5qg","workflowName":"My workflow","executionId":"117","nodeType":"n8n-nodes-base.mySql","nodeName":"Execute a SQL query","nodeId":"fed555eb-461d-43f3-aa5b-555ffde10d47"}}
{"__type":"$$EventMessageConfirm","confirm":"f0d2dd4e-f42f-4f63-825f-49e2de414229","ts":"2026-02-22T06:53:12.029-05:00","source":{"id":"0","name":"eventBus"}}
{"__type":"$$EventMessageNode","id":"4535a6b4-8af0-485c-b2c3-5c79383913ed","ts":"2026-02-22T06:53:12.029-05:00","eventName":"n8n.node.started","message":"n8n.node.started","payload":{"workflowId":"L9sBM1MQk934J5qg","workflowName":"My workflow","executionId":"117","nodeType":"n8n-nodes-base.httpRequest","nodeName":"HTTP Request","nodeId":"93d08cc2-6fc1-424f-9d6a-f5ae4fe2dace"}}
{"__type":"$$EventMessageConfirm","confirm":"4535a6b4-8af0-485c-b2c3-5c79383913ed","ts":"2026-02-22T06:53:12.029-05:00","source":{"id":"0","name":"eventBus"}}
{"__type":"$$EventMessageNode","id":"91183ccc-bb07-44fa-9d80-d2ad98856707","ts":"2026-02-22T06:53:13.347-05:00","eventName":"n8n.node.finished","message":"n8n.node.finished","payload":{"workflowId":"L9sBM1MQk934J5qg","workflowName":"My workflow","executionId":"117","nodeType":"n8n-nodes-base.httpRequest","nodeName":"HTTP Request","nodeId":"93d08cc2-6fc1-424f-9d6a-f5ae4fe2dace"}}
{"__type":"$$EventMessageConfirm","confirm":"91183ccc-bb07-44fa-9d80-d2ad98856707","ts":"2026-02-22T06:53:13.347-05:00","source":{"id":"0","name":"eventBus"}}
{"__type":"$$EventMessageNode","id":"c71aa1bd-66d5-49bc-8c35-e1a402fa9bca","ts":"2026-02-22T06:53:13.347-05:00","eventName":"n8n.node.started","message":"n8n.node.started","payload":{"workflowId":"L9sBM1MQk934J5qg","workflowName":"My workflow","executionId":"117","nodeType":"n8n-nodes-base.merge","nodeName":"Merge","nodeId":"f2a446f0-290b-401e-86b6-f7487f7318c9"}}
{"__type":"$$EventMessageConfirm","confirm":"c71aa1bd-66d5-49bc-8c35-e1a402fa9bca","ts":"2026-02-22T06:53:13.347-05:00","source":{"id":"0","name":"eventBus"}}
{"__type":"$$EventMessageNode","id":"62b4def2-3a17-4745-8894-a6e1fcf268a8","ts":"2026-02-22T06:53:13.348-05:00","eventName":"n8n.node.finished","message":"n8n.node.finished","payload":{"workflowId":"L9sBM1MQk934J5qg","workflowName":"My workflow","executionId":"117","nodeType":"n8n-nodes-base.merge","nodeName":"Merge","nodeId":"f2a446f0-290b-401e-86b6-f7487f7318c9"}}
{"__type":"$$EventMessageConfirm","confirm":"62b4def2-3a17-4745-8894-a6e1fcf268a8","ts":"2026-02-22T06:53:13.348-05:00","source":{"id":"0","name":"eventBus"}}
{"__type":"$$EventMessageNode","id":"f8b671d9-439c-4bfa-9e96-838a31da44e6","ts":"2026-02-22T06:53:13.349-05:00","eventName":"n8n.node.started","message":"n8n.node.started","payload":{"workflowId":"L9sBM1MQk934J5qg","workflowName":"My workflow","executionId":"117","nodeType":"n8n-nodes-base.code","nodeName":"Code in JavaScript","nodeId":"2f3162cb-e72d-4317-8f65-aad92bde7cbd"}}
{"__type":"$$EventMessageConfirm","confirm":"f8b671d9-439c-4bfa-9e96-838a31da44e6","ts":"2026-02-22T06:53:13.349-05:00","source":{"id":"0","name":"eventBus"}}
{"__type":"$$EventMessageRunner","id":"f14c5467-2b53-4f03-8443-ae56cdb161fd","ts":"2026-02-22T06:53:13.350-05:00","eventName":"n8n.runner.task.requested","message":"n8n.runner.task.requested","payload":{"taskId":"0EW8_SUS","nodeId":"2f3162cb-e72d-4317-8f65-aad92bde7cbd","workflowId":"L9sBM1MQk934J5qg","executionId":"117"}}
{"__type":"$$EventMessageConfirm","confirm":"f14c5467-2b53-4f03-8443-ae56cdb161fd","ts":"2026-02-22T06:53:13.350-05:00","source":{"id":"0","name":"eventBus"}}
{"__type":"$$EventMessageRunner","id":"101aa35a-67de-4d11-b399-34954b1a5109","ts":"2026-02-22T06:53:13.359-05:00","eventName":"n8n.runner.response.received","message":"n8n.runner.response.received","payload":{"taskId":"0EW8_SUS","nodeId":"2f3162cb-e72d-4317-8f65-aad92bde7cbd","workflowId":"L9sBM1MQk934J5qg","executionId":"117"}}
{"__type":"$$EventMessageConfirm","confirm":"101aa35a-67de-4d11-b399-34954b1a5109","ts":"2026-02-22T06:53:13.359-05:00","source":{"id":"0","name":"eventBus"}}
{"__type":"$$EventMessageNode","id":"36ea6566-0453-4546-8c16-ba3a72ecaff3","ts":"2026-02-22T06:53:13.359-05:00","eventName":"n8n.node.finished","message":"n8n.node.finished","payload":{"workflowId":"L9sBM1MQk934J5qg","workflowName":"My workflow","executionId":"117","nodeType":"n8n-nodes-base.code","nodeName":"Code in JavaScript","nodeId":"2f3162cb-e72d-4317-8f65-aad92bde7cbd"}}
{"__type":"$$EventMessageConfirm","confirm":"36ea6566-0453-4546-8c16-ba3a72ecaff3","ts":"2026-02-22T06:53:13.359-05:00","source":{"id":"0","name":"eventBus"}}
{"__type":"$$EventMessageNode","id":"07dff478-17b0-48fd-97ea-87a2e5003025","ts":"2026-02-22T06:53:13.360-05:00","eventName":"n8n.node.started","message":"n8n.node.started","payload":{"workflowId":"L9sBM1MQk934J5qg","workflowName":"My workflow","executionId":"117","nodeType":"n8n-nodes-base.httpRequest","nodeName":"Send Verification to Laravel","nodeId":"e6d76309-d2e8-4394-b0b0-57e6ce0940a3"}}
{"__type":"$$EventMessageConfirm","confirm":"07dff478-17b0-48fd-97ea-87a2e5003025","ts":"2026-02-22T06:53:13.360-05:00","source":{"id":"0","name":"eventBus"}}
{"__type":"$$EventMessageNode","id":"03bc4891-57b7-4cb2-823c-698146bdd82a","ts":"2026-02-22T06:53:13.474-05:00","eventName":"n8n.node.finished","message":"n8n.node.finished","payload":{"workflowId":"L9sBM1MQk934J5qg","workflowName":"My workflow","executionId":"117","nodeType":"n8n-nodes-base.httpRequest","nodeName":"Send Verification to Laravel","nodeId":"e6d76309-d2e8-4394-b0b0-57e6ce0940a3"}}
{"__type":"$$EventMessageConfirm","confirm":"03bc4891-57b7-4cb2-823c-698146bdd82a","ts":"2026-02-22T06:53:13.474-05:00","source":{"id":"0","name":"eventBus"}}
{"__type":"$$EventMessageNode","id":"78e3834d-4aa2-4ebf-949f-3640acc43c2b","ts":"2026-02-22T06:53:13.474-05:00","eventName":"n8n.node.started","message":"n8n.node.started","payload":{"workflowId":"L9sBM1MQk934J5qg","workflowName":"My workflow","executionId":"117","nodeType":"n8n-nodes-base.httpRequest","nodeName":"HTTP Request1","nodeId":"357c1b70-f125-4f22-a921-5af51399b98f"}}
{"__type":"$$EventMessageConfirm","confirm":"78e3834d-4aa2-4ebf-949f-3640acc43c2b","ts":"2026-02-22T06:53:13.474-05:00","source":{"id":"0","name":"eventBus"}}
{"__type":"$$EventMessageNode","id":"7859bca6-3f3e-431c-a14d-9a919e3ab467","ts":"2026-02-22T06:53:13.552-05:00","eventName":"n8n.node.finished","message":"n8n.node.finished","payload":{"workflowId":"L9sBM1MQk934J5qg","workflowName":"My workflow","executionId":"117","nodeType":"n8n-nodes-base.httpRequest","nodeName":"HTTP Request1","nodeId":"357c1b70-f125-4f22-a921-5af51399b98f"}}
{"__type":"$$EventMessageConfirm","confirm":"7859bca6-3f3e-431c-a14d-9a919e3ab467","ts":"2026-02-22T06:53:13.552-05:00","source":{"id":"0","name":"eventBus"}}
{"__type":"$$EventMessageWorkflow","id":"2ffb00df-5581-4e97-8227-7467482be391","ts":"2026-02-22T06:53:13.552-05:00","eventName":"n8n.workflow.success","message":"n8n.workflow.success","payload":{"executionId":"117","success":true,"isManual":false,"workflowId":"L9sBM1MQk934J5qg","workflowName":"My workflow"}}
{"__type":"$$EventMessageConfirm","confirm":"2ffb00df-5581-4e97-8227-7467482be391","ts":"2026-02-22T06:53:13.552-05:00","source":{"id":"0","name":"eventBus"}}
{"__type":"$$EventMessageWorkflow","id":"1c3251d0-873a-4c66-98a9-7c9a0202b566","ts":"2026-02-22T06:56:58.755-05:00","eventName":"n8n.workflow.started","message":"n8n.workflow.started","payload":{"executionId":"118","workflowId":"L9sBM1MQk934J5qg","isManual":false,"workflowName":"My workflow"}}
{"__type":"$$EventMessageConfirm","confirm":"1c3251d0-873a-4c66-98a9-7c9a0202b566","ts":"2026-02-22T06:56:58.756-05:00","source":{"id":"0","name":"eventBus"}}
{"__type":"$$EventMessageNode","id":"4e01e298-9a0c-4bb8-bbca-1c187c673353","ts":"2026-02-22T06:56:58.756-05:00","eventName":"n8n.node.started","message":"n8n.node.started","payload":{"workflowId":"L9sBM1MQk934J5qg","workflowName":"My workflow","executionId":"118","nodeType":"n8n-nodes-base.webhook","nodeName":"Webhook","nodeId":"91d61e27-914b-4048-9007-ec2041466e06"}}
{"__type":"$$EventMessageConfirm","confirm":"4e01e298-9a0c-4bb8-bbca-1c187c673353","ts":"2026-02-22T06:56:58.756-05:00","source":{"id":"0","name":"eventBus"}}
{"__type":"$$EventMessageNode","id":"a66a67cf-cc3d-4926-8281-fbbb28604048","ts":"2026-02-22T06:56:58.757-05:00","eventName":"n8n.node.finished","message":"n8n.node.finished","payload":{"workflowId":"L9sBM1MQk934J5qg","workflowName":"My workflow","executionId":"118","nodeType":"n8n-nodes-base.webhook","nodeName":"Webhook","nodeId":"91d61e27-914b-4048-9007-ec2041466e06"}}
{"__type":"$$EventMessageConfirm","confirm":"a66a67cf-cc3d-4926-8281-fbbb28604048","ts":"2026-02-22T06:56:58.757-05:00","source":{"id":"0","name":"eventBus"}}
{"__type":"$$EventMessageNode","id":"8ea07415-76cf-457f-b11f-b1950739d243","ts":"2026-02-22T06:56:58.757-05:00","eventName":"n8n.node.started","message":"n8n.node.started","payload":{"workflowId":"L9sBM1MQk934J5qg","workflowName":"My workflow","executionId":"118","nodeType":"n8n-nodes-base.readWriteFile","nodeName":"Read/Write Files from Disk","nodeId":"17174a17-effa-446a-9641-1661eb1634e3"}}
{"__type":"$$EventMessageConfirm","confirm":"8ea07415-76cf-457f-b11f-b1950739d243","ts":"2026-02-22T06:56:58.757-05:00","source":{"id":"0","name":"eventBus"}}
{"__type":"$$EventMessageNode","id":"8c43e6e6-4dce-4c74-bf2a-67459e8e0e14","ts":"2026-02-22T06:56:58.770-05:00","eventName":"n8n.node.finished","message":"n8n.node.finished","payload":{"workflowId":"L9sBM1MQk934J5qg","workflowName":"My workflow","executionId":"118","nodeType":"n8n-nodes-base.readWriteFile","nodeName":"Read/Write Files from Disk","nodeId":"17174a17-effa-446a-9641-1661eb1634e3"}}
{"__type":"$$EventMessageConfirm","confirm":"8c43e6e6-4dce-4c74-bf2a-67459e8e0e14","ts":"2026-02-22T06:56:58.770-05:00","source":{"id":"0","name":"eventBus"}}
{"__type":"$$EventMessageNode","id":"40cfbf32-a4a5-414a-81d9-5ea8aa90ffc4","ts":"2026-02-22T06:56:58.770-05:00","eventName":"n8n.node.started","message":"n8n.node.started","payload":{"workflowId":"L9sBM1MQk934J5qg","workflowName":"My workflow","executionId":"118","nodeType":"n8n-nodes-base.set","nodeName":"Edit Fields","nodeId":"5cea0da3-333f-4cd4-a40d-71f9271539b8"}}
{"__type":"$$EventMessageConfirm","confirm":"40cfbf32-a4a5-414a-81d9-5ea8aa90ffc4","ts":"2026-02-22T06:56:58.770-05:00","source":{"id":"0","name":"eventBus"}}
{"__type":"$$EventMessageNode","id":"0f95ac44-c7f2-4f4c-8358-1b98efac6fa6","ts":"2026-02-22T06:56:58.774-05:00","eventName":"n8n.node.finished","message":"n8n.node.finished","payload":{"workflowId":"L9sBM1MQk934J5qg","workflowName":"My workflow","executionId":"118","nodeType":"n8n-nodes-base.set","nodeName":"Edit Fields","nodeId":"5cea0da3-333f-4cd4-a40d-71f9271539b8"}}
{"__type":"$$EventMessageConfirm","confirm":"0f95ac44-c7f2-4f4c-8358-1b98efac6fa6","ts":"2026-02-22T06:56:58.774-05:00","source":{"id":"0","name":"eventBus"}}
{"__type":"$$EventMessageNode","id":"78a348b8-302b-43cb-a048-5100db9c0646","ts":"2026-02-22T06:56:58.775-05:00","eventName":"n8n.node.started","message":"n8n.node.started","payload":{"workflowId":"L9sBM1MQk934J5qg","workflowName":"My workflow","executionId":"118","nodeType":"n8n-nodes-base.mySql","nodeName":"Execute a SQL query","nodeId":"fed555eb-461d-43f3-aa5b-555ffde10d47"}}
{"__type":"$$EventMessageConfirm","confirm":"78a348b8-302b-43cb-a048-5100db9c0646","ts":"2026-02-22T06:56:58.775-05:00","source":{"id":"0","name":"eventBus"}}
{"__type":"$$EventMessageNode","id":"fdd03876-c4a3-4225-a86a-601825f80104","ts":"2026-02-22T06:56:58.794-05:00","eventName":"n8n.node.finished","message":"n8n.node.finished","payload":{"workflowId":"L9sBM1MQk934J5qg","workflowName":"My workflow","executionId":"118","nodeType":"n8n-nodes-base.mySql","nodeName":"Execute a SQL query","nodeId":"fed555eb-461d-43f3-aa5b-555ffde10d47"}}
{"__type":"$$EventMessageConfirm","confirm":"fdd03876-c4a3-4225-a86a-601825f80104","ts":"2026-02-22T06:56:58.795-05:00","source":{"id":"0","name":"eventBus"}}
{"__type":"$$EventMessageNode","id":"b01936f4-6a6f-4f42-8d32-8a04268756cc","ts":"2026-02-22T06:56:58.795-05:00","eventName":"n8n.node.started","message":"n8n.node.started","payload":{"workflowId":"L9sBM1MQk934J5qg","workflowName":"My workflow","executionId":"118","nodeType":"n8n-nodes-base.httpRequest","nodeName":"HTTP Request","nodeId":"93d08cc2-6fc1-424f-9d6a-f5ae4fe2dace"}}
{"__type":"$$EventMessageConfirm","confirm":"b01936f4-6a6f-4f42-8d32-8a04268756cc","ts":"2026-02-22T06:56:58.795-05:00","source":{"id":"0","name":"eventBus"}}
{"__type":"$$EventMessageNode","id":"f96cab65-71c2-44ae-9421-ef9b6456089b","ts":"2026-02-22T06:57:00.030-05:00","eventName":"n8n.node.finished","message":"n8n.node.finished","payload":{"workflowId":"L9sBM1MQk934J5qg","workflowName":"My workflow","executionId":"118","nodeType":"n8n-nodes-base.httpRequest","nodeName":"HTTP Request","nodeId":"93d08cc2-6fc1-424f-9d6a-f5ae4fe2dace"}}
{"__type":"$$EventMessageConfirm","confirm":"f96cab65-71c2-44ae-9421-ef9b6456089b","ts":"2026-02-22T06:57:00.030-05:00","source":{"id":"0","name":"eventBus"}}
{"__type":"$$EventMessageNode","id":"ea614539-b732-401c-aaba-9ca840d0dad6","ts":"2026-02-22T06:57:00.030-05:00","eventName":"n8n.node.started","message":"n8n.node.started","payload":{"workflowId":"L9sBM1MQk934J5qg","workflowName":"My workflow","executionId":"118","nodeType":"n8n-nodes-base.merge","nodeName":"Merge","nodeId":"f2a446f0-290b-401e-86b6-f7487f7318c9"}}
{"__type":"$$EventMessageConfirm","confirm":"ea614539-b732-401c-aaba-9ca840d0dad6","ts":"2026-02-22T06:57:00.030-05:00","source":{"id":"0","name":"eventBus"}}
{"__type":"$$EventMessageNode","id":"d0043f44-cd07-4063-9b28-06629bd3fafe","ts":"2026-02-22T06:57:00.031-05:00","eventName":"n8n.node.finished","message":"n8n.node.finished","payload":{"workflowId":"L9sBM1MQk934J5qg","workflowName":"My workflow","executionId":"118","nodeType":"n8n-nodes-base.merge","nodeName":"Merge","nodeId":"f2a446f0-290b-401e-86b6-f7487f7318c9"}}
{"__type":"$$EventMessageConfirm","confirm":"d0043f44-cd07-4063-9b28-06629bd3fafe","ts":"2026-02-22T06:57:00.031-05:00","source":{"id":"0","name":"eventBus"}}
{"__type":"$$EventMessageNode","id":"93383483-ef46-47cb-936b-6c0d172966cb","ts":"2026-02-22T06:57:00.032-05:00","eventName":"n8n.node.started","message":"n8n.node.started","payload":{"workflowId":"L9sBM1MQk934J5qg","workflowName":"My workflow","executionId":"118","nodeType":"n8n-nodes-base.code","nodeName":"Code in JavaScript","nodeId":"2f3162cb-e72d-4317-8f65-aad92bde7cbd"}}
{"__type":"$$EventMessageConfirm","confirm":"93383483-ef46-47cb-936b-6c0d172966cb","ts":"2026-02-22T06:57:00.032-05:00","source":{"id":"0","name":"eventBus"}}
{"__type":"$$EventMessageRunner","id":"8a9d218a-5a59-4d6e-87f1-6585fea36156","ts":"2026-02-22T06:57:00.033-05:00","eventName":"n8n.runner.task.requested","message":"n8n.runner.task.requested","payload":{"taskId":"0EMfC2ty","nodeId":"2f3162cb-e72d-4317-8f65-aad92bde7cbd","workflowId":"L9sBM1MQk934J5qg","executionId":"118"}}
{"__type":"$$EventMessageConfirm","confirm":"8a9d218a-5a59-4d6e-87f1-6585fea36156","ts":"2026-02-22T06:57:00.033-05:00","source":{"id":"0","name":"eventBus"}}
{"__type":"$$EventMessageRunner","id":"4a85e898-263a-4729-b3ef-662b511caaf2","ts":"2026-02-22T06:57:00.041-05:00","eventName":"n8n.runner.response.received","message":"n8n.runner.response.received","payload":{"taskId":"0EMfC2ty","nodeId":"2f3162cb-e72d-4317-8f65-aad92bde7cbd","workflowId":"L9sBM1MQk934J5qg","executionId":"118"}}
{"__type":"$$EventMessageConfirm","confirm":"4a85e898-263a-4729-b3ef-662b511caaf2","ts":"2026-02-22T06:57:00.042-05:00","source":{"id":"0","name":"eventBus"}}
{"__type":"$$EventMessageNode","id":"e2106060-12a5-4442-801e-cfedd5b216ac","ts":"2026-02-22T06:57:00.042-05:00","eventName":"n8n.node.finished","message":"n8n.node.finished","payload":{"workflowId":"L9sBM1MQk934J5qg","workflowName":"My workflow","executionId":"118","nodeType":"n8n-nodes-base.code","nodeName":"Code in JavaScript","nodeId":"2f3162cb-e72d-4317-8f65-aad92bde7cbd"}}
{"__type":"$$EventMessageConfirm","confirm":"e2106060-12a5-4442-801e-cfedd5b216ac","ts":"2026-02-22T06:57:00.042-05:00","source":{"id":"0","name":"eventBus"}}
{"__type":"$$EventMessageNode","id":"e87e18db-cd14-4754-ae5c-8570643df1f8","ts":"2026-02-22T06:57:00.042-05:00","eventName":"n8n.node.started","message":"n8n.node.started","payload":{"workflowId":"L9sBM1MQk934J5qg","workflowName":"My workflow","executionId":"118","nodeType":"n8n-nodes-base.httpRequest","nodeName":"Send Verification to Laravel","nodeId":"e6d76309-d2e8-4394-b0b0-57e6ce0940a3"}}
{"__type":"$$EventMessageConfirm","confirm":"e87e18db-cd14-4754-ae5c-8570643df1f8","ts":"2026-02-22T06:57:00.043-05:00","source":{"id":"0","name":"eventBus"}}
{"__type":"$$EventMessageNode","id":"d08a6503-db52-42a8-9ca0-18eacbca344c","ts":"2026-02-22T06:57:00.095-05:00","eventName":"n8n.node.finished","message":"n8n.node.finished","payload":{"workflowId":"L9sBM1MQk934J5qg","workflowName":"My workflow","executionId":"118","nodeType":"n8n-nodes-base.httpRequest","nodeName":"Send Verification to Laravel","nodeId":"e6d76309-d2e8-4394-b0b0-57e6ce0940a3"}}
{"__type":"$$EventMessageConfirm","confirm":"d08a6503-db52-42a8-9ca0-18eacbca344c","ts":"2026-02-22T06:57:00.096-05:00","source":{"id":"0","name":"eventBus"}}
{"__type":"$$EventMessageNode","id":"cdf3cbe0-9b47-43e8-b271-fa74643975bb","ts":"2026-02-22T06:57:00.096-05:00","eventName":"n8n.node.started","message":"n8n.node.started","payload":{"workflowId":"L9sBM1MQk934J5qg","workflowName":"My workflow","executionId":"118","nodeType":"n8n-nodes-base.httpRequest","nodeName":"HTTP Request1","nodeId":"357c1b70-f125-4f22-a921-5af51399b98f"}}
{"__type":"$$EventMessageConfirm","confirm":"cdf3cbe0-9b47-43e8-b271-fa74643975bb","ts":"2026-02-22T06:57:00.096-05:00","source":{"id":"0","name":"eventBus"}}
{"__type":"$$EventMessageNode","id":"9e35ad4b-eede-45ed-a730-dabf1478bfb8","ts":"2026-02-22T06:57:00.137-05:00","eventName":"n8n.node.finished","message":"n8n.node.finished","payload":{"workflowId":"L9sBM1MQk934J5qg","workflowName":"My workflow","executionId":"118","nodeType":"n8n-nodes-base.httpRequest","nodeName":"HTTP Request1","nodeId":"357c1b70-f125-4f22-a921-5af51399b98f"}}
{"__type":"$$EventMessageConfirm","confirm":"9e35ad4b-eede-45ed-a730-dabf1478bfb8","ts":"2026-02-22T06:57:00.137-05:00","source":{"id":"0","name":"eventBus"}}
{"__type":"$$EventMessageWorkflow","id":"9e6d2fb1-ba64-4ccb-81e7-633826b204ff","ts":"2026-02-22T06:57:00.137-05:00","eventName":"n8n.workflow.success","message":"n8n.workflow.success","payload":{"executionId":"118","success":true,"isManual":false,"workflowId":"L9sBM1MQk934J5qg","workflowName":"My workflow"}}
{"__type":"$$EventMessageConfirm","confirm":"9e6d2fb1-ba64-4ccb-81e7-633826b204ff","ts":"2026-02-22T06:57:00.137-05:00","source":{"id":"0","name":"eventBus"}}
{"__type":"$$EventMessageWorkflow","id":"8a2394c0-193f-4416-8324-2f3002b33b16","ts":"2026-02-22T06:57:20.369-05:00","eventName":"n8n.workflow.started","message":"n8n.workflow.started","payload":{"executionId":"119","workflowId":"L9sBM1MQk934J5qg","isManual":false,"workflowName":"My workflow"}}
{"__type":"$$EventMessageConfirm","confirm":"8a2394c0-193f-4416-8324-2f3002b33b16","ts":"2026-02-22T06:57:20.370-05:00","source":{"id":"0","name":"eventBus"}}
{"__type":"$$EventMessageNode","id":"48841cc5-4725-47e0-bd44-0c1dfc51fba9","ts":"2026-02-22T06:57:20.370-05:00","eventName":"n8n.node.started","message":"n8n.node.started","payload":{"workflowId":"L9sBM1MQk934J5qg","workflowName":"My workflow","executionId":"119","nodeType":"n8n-nodes-base.webhook","nodeName":"Webhook","nodeId":"91d61e27-914b-4048-9007-ec2041466e06"}}
{"__type":"$$EventMessageConfirm","confirm":"48841cc5-4725-47e0-bd44-0c1dfc51fba9","ts":"2026-02-22T06:57:20.370-05:00","source":{"id":"0","name":"eventBus"}}
{"__type":"$$EventMessageNode","id":"7c11311b-9883-4251-b155-369d58008a02","ts":"2026-02-22T06:57:20.370-05:00","eventName":"n8n.node.finished","message":"n8n.node.finished","payload":{"workflowId":"L9sBM1MQk934J5qg","workflowName":"My workflow","executionId":"119","nodeType":"n8n-nodes-base.webhook","nodeName":"Webhook","nodeId":"91d61e27-914b-4048-9007-ec2041466e06"}}
{"__type":"$$EventMessageConfirm","confirm":"7c11311b-9883-4251-b155-369d58008a02","ts":"2026-02-22T06:57:20.370-05:00","source":{"id":"0","name":"eventBus"}}
{"__type":"$$EventMessageNode","id":"563f2af8-1cb7-45f7-a38b-222735c57fe0","ts":"2026-02-22T06:57:20.370-05:00","eventName":"n8n.node.started","message":"n8n.node.started","payload":{"workflowId":"L9sBM1MQk934J5qg","workflowName":"My workflow","executionId":"119","nodeType":"n8n-nodes-base.readWriteFile","nodeName":"Read/Write Files from Disk","nodeId":"17174a17-effa-446a-9641-1661eb1634e3"}}
{"__type":"$$EventMessageConfirm","confirm":"563f2af8-1cb7-45f7-a38b-222735c57fe0","ts":"2026-02-22T06:57:20.371-05:00","source":{"id":"0","name":"eventBus"}}
{"__type":"$$EventMessageNode","id":"36d38bde-197e-4aab-b41c-65018ed3eff0","ts":"2026-02-22T06:57:20.379-05:00","eventName":"n8n.node.finished","message":"n8n.node.finished","payload":{"workflowId":"L9sBM1MQk934J5qg","workflowName":"My workflow","executionId":"119","nodeType":"n8n-nodes-base.readWriteFile","nodeName":"Read/Write Files from Disk","nodeId":"17174a17-effa-446a-9641-1661eb1634e3"}}
{"__type":"$$EventMessageConfirm","confirm":"36d38bde-197e-4aab-b41c-65018ed3eff0","ts":"2026-02-22T06:57:20.380-05:00","source":{"id":"0","name":"eventBus"}}
{"__type":"$$EventMessageNode","id":"87ec3867-9941-443f-afe7-b7b2dca5e757","ts":"2026-02-22T06:57:20.380-05:00","eventName":"n8n.node.started","message":"n8n.node.started","payload":{"workflowId":"L9sBM1MQk934J5qg","workflowName":"My workflow","executionId":"119","nodeType":"n8n-nodes-base.set","nodeName":"Edit Fields","nodeId":"5cea0da3-333f-4cd4-a40d-71f9271539b8"}}
{"__type":"$$EventMessageConfirm","confirm":"87ec3867-9941-443f-afe7-b7b2dca5e757","ts":"2026-02-22T06:57:20.380-05:00","source":{"id":"0","name":"eventBus"}}
{"__type":"$$EventMessageNode","id":"be373009-4df5-445a-9b88-856e05c7970c","ts":"2026-02-22T06:57:20.382-05:00","eventName":"n8n.node.finished","message":"n8n.node.finished","payload":{"workflowId":"L9sBM1MQk934J5qg","workflowName":"My workflow","executionId":"119","nodeType":"n8n-nodes-base.set","nodeName":"Edit Fields","nodeId":"5cea0da3-333f-4cd4-a40d-71f9271539b8"}}
{"__type":"$$EventMessageConfirm","confirm":"be373009-4df5-445a-9b88-856e05c7970c","ts":"2026-02-22T06:57:20.382-05:00","source":{"id":"0","name":"eventBus"}}
{"__type":"$$EventMessageNode","id":"8d960465-7db4-4ac6-8340-40701876dd1d","ts":"2026-02-22T06:57:20.382-05:00","eventName":"n8n.node.started","message":"n8n.node.started","payload":{"workflowId":"L9sBM1MQk934J5qg","workflowName":"My workflow","executionId":"119","nodeType":"n8n-nodes-base.mySql","nodeName":"Execute a SQL query","nodeId":"fed555eb-461d-43f3-aa5b-555ffde10d47"}}
{"__type":"$$EventMessageConfirm","confirm":"8d960465-7db4-4ac6-8340-40701876dd1d","ts":"2026-02-22T06:57:20.382-05:00","source":{"id":"0","name":"eventBus"}}
{"__type":"$$EventMessageNode","id":"49853ec2-4e46-4323-b24d-e0aba120decd","ts":"2026-02-22T06:57:20.394-05:00","eventName":"n8n.node.finished","message":"n8n.node.finished","payload":{"workflowId":"L9sBM1MQk934J5qg","workflowName":"My workflow","executionId":"119","nodeType":"n8n-nodes-base.mySql","nodeName":"Execute a SQL query","nodeId":"fed555eb-461d-43f3-aa5b-555ffde10d47"}}
{"__type":"$$EventMessageConfirm","confirm":"49853ec2-4e46-4323-b24d-e0aba120decd","ts":"2026-02-22T06:57:20.394-05:00","source":{"id":"0","name":"eventBus"}}
{"__type":"$$EventMessageNode","id":"98d1f57f-e5af-4fb0-8b4f-d12c6ccd7b89","ts":"2026-02-22T06:57:20.394-05:00","eventName":"n8n.node.started","message":"n8n.node.started","payload":{"workflowId":"L9sBM1MQk934J5qg","workflowName":"My workflow","executionId":"119","nodeType":"n8n-nodes-base.httpRequest","nodeName":"HTTP Request","nodeId":"93d08cc2-6fc1-424f-9d6a-f5ae4fe2dace"}}
{"__type":"$$EventMessageConfirm","confirm":"98d1f57f-e5af-4fb0-8b4f-d12c6ccd7b89","ts":"2026-02-22T06:57:20.394-05:00","source":{"id":"0","name":"eventBus"}}
{"__type":"$$EventMessageNode","id":"bd3ae315-62b3-40af-bca3-02700b5d6861","ts":"2026-02-22T06:57:21.463-05:00","eventName":"n8n.node.finished","message":"n8n.node.finished","payload":{"workflowId":"L9sBM1MQk934J5qg","workflowName":"My workflow","executionId":"119","nodeType":"n8n-nodes-base.httpRequest","nodeName":"HTTP Request","nodeId":"93d08cc2-6fc1-424f-9d6a-f5ae4fe2dace"}}
{"__type":"$$EventMessageConfirm","confirm":"bd3ae315-62b3-40af-bca3-02700b5d6861","ts":"2026-02-22T06:57:21.463-05:00","source":{"id":"0","name":"eventBus"}}
{"__type":"$$EventMessageNode","id":"445354e4-3755-4432-a3e9-7673cb018291","ts":"2026-02-22T06:57:21.463-05:00","eventName":"n8n.node.started","message":"n8n.node.started","payload":{"workflowId":"L9sBM1MQk934J5qg","workflowName":"My workflow","executionId":"119","nodeType":"n8n-nodes-base.merge","nodeName":"Merge","nodeId":"f2a446f0-290b-401e-86b6-f7487f7318c9"}}
{"__type":"$$EventMessageConfirm","confirm":"445354e4-3755-4432-a3e9-7673cb018291","ts":"2026-02-22T06:57:21.463-05:00","source":{"id":"0","name":"eventBus"}}
{"__type":"$$EventMessageNode","id":"479810ac-b84a-498f-91ce-7567f3606264","ts":"2026-02-22T06:57:21.464-05:00","eventName":"n8n.node.finished","message":"n8n.node.finished","payload":{"workflowId":"L9sBM1MQk934J5qg","workflowName":"My workflow","executionId":"119","nodeType":"n8n-nodes-base.merge","nodeName":"Merge","nodeId":"f2a446f0-290b-401e-86b6-f7487f7318c9"}}
{"__type":"$$EventMessageConfirm","confirm":"479810ac-b84a-498f-91ce-7567f3606264","ts":"2026-02-22T06:57:21.464-05:00","source":{"id":"0","name":"eventBus"}}
{"__type":"$$EventMessageNode","id":"8d8a30d6-e6a0-40c0-b1eb-9b61d4d85fd0","ts":"2026-02-22T06:57:21.464-05:00","eventName":"n8n.node.started","message":"n8n.node.started","payload":{"workflowId":"L9sBM1MQk934J5qg","workflowName":"My workflow","executionId":"119","nodeType":"n8n-nodes-base.code","nodeName":"Code in JavaScript","nodeId":"2f3162cb-e72d-4317-8f65-aad92bde7cbd"}}
{"__type":"$$EventMessageConfirm","confirm":"8d8a30d6-e6a0-40c0-b1eb-9b61d4d85fd0","ts":"2026-02-22T06:57:21.464-05:00","source":{"id":"0","name":"eventBus"}}
{"__type":"$$EventMessageRunner","id":"c2c22c67-b8a3-451f-bfa6-9cb1bf1e3936","ts":"2026-02-22T06:57:21.467-05:00","eventName":"n8n.runner.task.requested","message":"n8n.runner.task.requested","payload":{"taskId":"1LWePx0G","nodeId":"2f3162cb-e72d-4317-8f65-aad92bde7cbd","workflowId":"L9sBM1MQk934J5qg","executionId":"119"}}
{"__type":"$$EventMessageConfirm","confirm":"c2c22c67-b8a3-451f-bfa6-9cb1bf1e3936","ts":"2026-02-22T06:57:21.467-05:00","source":{"id":"0","name":"eventBus"}}
{"__type":"$$EventMessageRunner","id":"c1c8cee7-b824-4043-85fd-2e9778392105","ts":"2026-02-22T06:57:21.471-05:00","eventName":"n8n.runner.response.received","message":"n8n.runner.response.received","payload":{"taskId":"1LWePx0G","nodeId":"2f3162cb-e72d-4317-8f65-aad92bde7cbd","workflowId":"L9sBM1MQk934J5qg","executionId":"119"}}
{"__type":"$$EventMessageConfirm","confirm":"c1c8cee7-b824-4043-85fd-2e9778392105","ts":"2026-02-22T06:57:21.471-05:00","source":{"id":"0","name":"eventBus"}}
{"__type":"$$EventMessageNode","id":"7da385b5-cd8f-4a94-977c-c3aa33e33646","ts":"2026-02-22T06:57:21.471-05:00","eventName":"n8n.node.finished","message":"n8n.node.finished","payload":{"workflowId":"L9sBM1MQk934J5qg","workflowName":"My workflow","executionId":"119","nodeType":"n8n-nodes-base.code","nodeName":"Code in JavaScript","nodeId":"2f3162cb-e72d-4317-8f65-aad92bde7cbd"}}
{"__type":"$$EventMessageConfirm","confirm":"7da385b5-cd8f-4a94-977c-c3aa33e33646","ts":"2026-02-22T06:57:21.471-05:00","source":{"id":"0","name":"eventBus"}}
{"__type":"$$EventMessageNode","id":"badf524a-7ed7-4ddc-9fda-bbd3a46b5b2c","ts":"2026-02-22T06:57:21.471-05:00","eventName":"n8n.node.started","message":"n8n.node.started","payload":{"workflowId":"L9sBM1MQk934J5qg","workflowName":"My workflow","executionId":"119","nodeType":"n8n-nodes-base.httpRequest","nodeName":"Send Verification to Laravel","nodeId":"e6d76309-d2e8-4394-b0b0-57e6ce0940a3"}}
{"__type":"$$EventMessageConfirm","confirm":"badf524a-7ed7-4ddc-9fda-bbd3a46b5b2c","ts":"2026-02-22T06:57:21.471-05:00","source":{"id":"0","name":"eventBus"}}
{"__type":"$$EventMessageNode","id":"63d568f8-050b-49fe-9f53-74bd9b57b4e4","ts":"2026-02-22T06:57:21.523-05:00","eventName":"n8n.node.finished","message":"n8n.node.finished","payload":{"workflowId":"L9sBM1MQk934J5qg","workflowName":"My workflow","executionId":"119","nodeType":"n8n-nodes-base.httpRequest","nodeName":"Send Verification to Laravel","nodeId":"e6d76309-d2e8-4394-b0b0-57e6ce0940a3"}}
{"__type":"$$EventMessageConfirm","confirm":"63d568f8-050b-49fe-9f53-74bd9b57b4e4","ts":"2026-02-22T06:57:21.523-05:00","source":{"id":"0","name":"eventBus"}}
{"__type":"$$EventMessageNode","id":"3d10f715-7b8f-4aa8-aae6-c4c072dda4af","ts":"2026-02-22T06:57:21.524-05:00","eventName":"n8n.node.started","message":"n8n.node.started","payload":{"workflowId":"L9sBM1MQk934J5qg","workflowName":"My workflow","executionId":"119","nodeType":"n8n-nodes-base.httpRequest","nodeName":"HTTP Request1","nodeId":"357c1b70-f125-4f22-a921-5af51399b98f"}}
{"__type":"$$EventMessageConfirm","confirm":"3d10f715-7b8f-4aa8-aae6-c4c072dda4af","ts":"2026-02-22T06:57:21.524-05:00","source":{"id":"0","name":"eventBus"}}
{"__type":"$$EventMessageNode","id":"a4140219-0520-498a-8f47-40a9cb332c57","ts":"2026-02-22T06:57:21.583-05:00","eventName":"n8n.node.finished","message":"n8n.node.finished","payload":{"workflowId":"L9sBM1MQk934J5qg","workflowName":"My workflow","executionId":"119","nodeType":"n8n-nodes-base.httpRequest","nodeName":"HTTP Request1","nodeId":"357c1b70-f125-4f22-a921-5af51399b98f"}}
{"__type":"$$EventMessageConfirm","confirm":"a4140219-0520-498a-8f47-40a9cb332c57","ts":"2026-02-22T06:57:21.583-05:00","source":{"id":"0","name":"eventBus"}}
{"__type":"$$EventMessageWorkflow","id":"e41be9c8-14e1-48d5-9e65-6d89897b6935","ts":"2026-02-22T06:57:21.583-05:00","eventName":"n8n.workflow.success","message":"n8n.workflow.success","payload":{"executionId":"119","success":true,"isManual":false,"workflowId":"L9sBM1MQk934J5qg","workflowName":"My workflow"}}
{"__type":"$$EventMessageConfirm","confirm":"e41be9c8-14e1-48d5-9e65-6d89897b6935","ts":"2026-02-22T06:57:21.583-05:00","source":{"id":"0","name":"eventBus"}}
{"__type":"$$EventMessageWorkflow","id":"45e6aa3e-2f56-4d97-a2a1-05b8edc07ae2","ts":"2026-02-22T07:10:51.159-05:00","eventName":"n8n.workflow.started","message":"n8n.workflow.started","payload":{"executionId":"120","workflowId":"L9sBM1MQk934J5qg","isManual":false,"workflowName":"My workflow"}}
{"__type":"$$EventMessageConfirm","confirm":"45e6aa3e-2f56-4d97-a2a1-05b8edc07ae2","ts":"2026-02-22T07:10:51.160-05:00","source":{"id":"0","name":"eventBus"}}
{"__type":"$$EventMessageNode","id":"122bdd8a-8127-486e-98a0-8ba3dbe95735","ts":"2026-02-22T07:10:51.160-05:00","eventName":"n8n.node.started","message":"n8n.node.started","payload":{"workflowId":"L9sBM1MQk934J5qg","workflowName":"My workflow","executionId":"120","nodeType":"n8n-nodes-base.webhook","nodeName":"Webhook","nodeId":"91d61e27-914b-4048-9007-ec2041466e06"}}
{"__type":"$$EventMessageConfirm","confirm":"122bdd8a-8127-486e-98a0-8ba3dbe95735","ts":"2026-02-22T07:10:51.160-05:00","source":{"id":"0","name":"eventBus"}}
{"__type":"$$EventMessageNode","id":"059c4a74-3234-43b3-bf4f-8448e55e2c5d","ts":"2026-02-22T07:10:51.160-05:00","eventName":"n8n.node.finished","message":"n8n.node.finished","payload":{"workflowId":"L9sBM1MQk934J5qg","workflowName":"My workflow","executionId":"120","nodeType":"n8n-nodes-base.webhook","nodeName":"Webhook","nodeId":"91d61e27-914b-4048-9007-ec2041466e06"}}
{"__type":"$$EventMessageConfirm","confirm":"059c4a74-3234-43b3-bf4f-8448e55e2c5d","ts":"2026-02-22T07:10:51.160-05:00","source":{"id":"0","name":"eventBus"}}
{"__type":"$$EventMessageNode","id":"e24951cc-dc1d-457b-ae7e-fcfd4c3104d7","ts":"2026-02-22T07:10:51.161-05:00","eventName":"n8n.node.started","message":"n8n.node.started","payload":{"workflowId":"L9sBM1MQk934J5qg","workflowName":"My workflow","executionId":"120","nodeType":"n8n-nodes-base.readWriteFile","nodeName":"Read/Write Files from Disk","nodeId":"17174a17-effa-446a-9641-1661eb1634e3"}}
{"__type":"$$EventMessageConfirm","confirm":"e24951cc-dc1d-457b-ae7e-fcfd4c3104d7","ts":"2026-02-22T07:10:51.161-05:00","source":{"id":"0","name":"eventBus"}}
{"__type":"$$EventMessageNode","id":"dcf09afc-156f-4b8b-b1f1-60c21dbbc5c3","ts":"2026-02-22T07:10:51.166-05:00","eventName":"n8n.node.finished","message":"n8n.node.finished","payload":{"workflowId":"L9sBM1MQk934J5qg","workflowName":"My workflow","executionId":"120","nodeType":"n8n-nodes-base.readWriteFile","nodeName":"Read/Write Files from Disk","nodeId":"17174a17-effa-446a-9641-1661eb1634e3"}}
{"__type":"$$EventMessageConfirm","confirm":"dcf09afc-156f-4b8b-b1f1-60c21dbbc5c3","ts":"2026-02-22T07:10:51.167-05:00","source":{"id":"0","name":"eventBus"}}
{"__type":"$$EventMessageNode","id":"8bb0148a-442d-4100-906f-179bbffecb06","ts":"2026-02-22T07:10:51.167-05:00","eventName":"n8n.node.started","message":"n8n.node.started","payload":{"workflowId":"L9sBM1MQk934J5qg","workflowName":"My workflow","executionId":"120","nodeType":"n8n-nodes-base.set","nodeName":"Edit Fields","nodeId":"5cea0da3-333f-4cd4-a40d-71f9271539b8"}}
{"__type":"$$EventMessageConfirm","confirm":"8bb0148a-442d-4100-906f-179bbffecb06","ts":"2026-02-22T07:10:51.167-05:00","source":{"id":"0","name":"eventBus"}}
{"__type":"$$EventMessageNode","id":"a16b5f37-3b14-4e5c-83af-5cd2ded6b9d8","ts":"2026-02-22T07:10:51.170-05:00","eventName":"n8n.node.finished","message":"n8n.node.finished","payload":{"workflowId":"L9sBM1MQk934J5qg","workflowName":"My workflow","executionId":"120","nodeType":"n8n-nodes-base.set","nodeName":"Edit Fields","nodeId":"5cea0da3-333f-4cd4-a40d-71f9271539b8"}}
{"__type":"$$EventMessageConfirm","confirm":"a16b5f37-3b14-4e5c-83af-5cd2ded6b9d8","ts":"2026-02-22T07:10:51.170-05:00","source":{"id":"0","name":"eventBus"}}
{"__type":"$$EventMessageNode","id":"a864d060-9fb0-40b1-93d6-4fa817aca6b6","ts":"2026-02-22T07:10:51.171-05:00","eventName":"n8n.node.started","message":"n8n.node.started","payload":{"workflowId":"L9sBM1MQk934J5qg","workflowName":"My workflow","executionId":"120","nodeType":"n8n-nodes-base.mySql","nodeName":"Execute a SQL query","nodeId":"fed555eb-461d-43f3-aa5b-555ffde10d47"}}
{"__type":"$$EventMessageConfirm","confirm":"a864d060-9fb0-40b1-93d6-4fa817aca6b6","ts":"2026-02-22T07:10:51.172-05:00","source":{"id":"0","name":"eventBus"}}
{"__type":"$$EventMessageNode","id":"e30313a6-8e08-4e42-a853-2feea7b01ca0","ts":"2026-02-22T07:10:51.182-05:00","eventName":"n8n.node.finished","message":"n8n.node.finished","payload":{"workflowId":"L9sBM1MQk934J5qg","workflowName":"My workflow","executionId":"120","nodeType":"n8n-nodes-base.mySql","nodeName":"Execute a SQL query","nodeId":"fed555eb-461d-43f3-aa5b-555ffde10d47"}}
{"__type":"$$EventMessageConfirm","confirm":"e30313a6-8e08-4e42-a853-2feea7b01ca0","ts":"2026-02-22T07:10:51.182-05:00","source":{"id":"0","name":"eventBus"}}
{"__type":"$$EventMessageNode","id":"0af7c724-6fe9-44a2-95b8-bd3833673692","ts":"2026-02-22T07:10:51.182-05:00","eventName":"n8n.node.started","message":"n8n.node.started","payload":{"workflowId":"L9sBM1MQk934J5qg","workflowName":"My workflow","executionId":"120","nodeType":"n8n-nodes-base.httpRequest","nodeName":"HTTP Request","nodeId":"93d08cc2-6fc1-424f-9d6a-f5ae4fe2dace"}}
{"__type":"$$EventMessageConfirm","confirm":"0af7c724-6fe9-44a2-95b8-bd3833673692","ts":"2026-02-22T07:10:51.182-05:00","source":{"id":"0","name":"eventBus"}}
{"__type":"$$EventMessageNode","id":"487faae5-ded6-4302-bbc2-0f9de686ae16","ts":"2026-02-22T07:10:51.200-05:00","eventName":"n8n.node.finished","message":"n8n.node.finished","payload":{"workflowId":"L9sBM1MQk934J5qg","workflowName":"My workflow","executionId":"120","nodeType":"n8n-nodes-base.httpRequest","nodeName":"HTTP Request","nodeId":"93d08cc2-6fc1-424f-9d6a-f5ae4fe2dace"}}
{"__type":"$$EventMessageConfirm","confirm":"487faae5-ded6-4302-bbc2-0f9de686ae16","ts":"2026-02-22T07:10:51.200-05:00","source":{"id":"0","name":"eventBus"}}
{"__type":"$$EventMessageWorkflow","id":"cfba4091-acca-4615-9ca6-4fcf45cf4462","ts":"2026-02-22T07:10:51.201-05:00","eventName":"n8n.workflow.failed","message":"n8n.workflow.failed","payload":{"executionId":"120","success":false,"isManual":false,"workflowId":"L9sBM1MQk934J5qg","workflowName":"My workflow","lastNodeExecuted":"HTTP Request","errorNodeType":"n8n-nodes-base.httpRequest","errorMessage":"Your request is invalid or could not be processed by the service"}}
{"__type":"$$EventMessageConfirm","confirm":"cfba4091-acca-4615-9ca6-4fcf45cf4462","ts":"2026-02-22T07:10:51.201-05:00","source":{"id":"0","name":"eventBus"}}
{"__type":"$$EventMessageAudit","id":"726a7201-ff19-4eca-86e1-cbe227d9f0d9","ts":"2026-02-22T07:13:19.800-05:00","eventName":"n8n.audit.workflow.updated","message":"n8n.audit.workflow.updated","payload":{"userId":"2cfd855e-e925-4037-91b7-b25cacedd3df","_email":"muhammadthifaaldzaki@gmail.com","_firstName":"Muhammad Thifaal","_lastName":"Dzaki","globalRole":"global:owner","workflowId":"L9sBM1MQk934J5qg","workflowName":"My workflow"}}
{"__type":"$$EventMessageConfirm","confirm":"726a7201-ff19-4eca-86e1-cbe227d9f0d9","ts":"2026-02-22T07:13:19.801-05:00","source":{"id":"0","name":"eventBus"}}
{"__type":"$$EventMessageAudit","id":"43f5d318-220a-4995-bd09-1c2c685f9d80","ts":"2026-02-22T07:13:31.200-05:00","eventName":"n8n.audit.workflow.activated","message":"n8n.audit.workflow.activated","payload":{"userId":"2cfd855e-e925-4037-91b7-b25cacedd3df","_email":"muhammadthifaaldzaki@gmail.com","_firstName":"Muhammad Thifaal","_lastName":"Dzaki","globalRole":"global:owner","workflowId":"L9sBM1MQk934J5qg","workflowName":"My workflow","activeVersionId":"e86cd651-3d23-4ef1-9f81-2c204f33ccee"}}
{"__type":"$$EventMessageConfirm","confirm":"43f5d318-220a-4995-bd09-1c2c685f9d80","ts":"2026-02-22T07:13:31.200-05:00","source":{"id":"0","name":"eventBus"}}
{"__type":"$$EventMessageWorkflow","id":"2bcde443-7312-4ff3-822a-8411efdf7389","ts":"2026-02-22T07:13:47.216-05:00","eventName":"n8n.workflow.started","message":"n8n.workflow.started","payload":{"executionId":"121","workflowId":"L9sBM1MQk934J5qg","isManual":false,"workflowName":"My workflow"}}
{"__type":"$$EventMessageConfirm","confirm":"2bcde443-7312-4ff3-822a-8411efdf7389","ts":"2026-02-22T07:13:47.217-05:00","source":{"id":"0","name":"eventBus"}}
{"__type":"$$EventMessageNode","id":"9969c17d-d2b4-42a0-bb3b-b02706d6dd06","ts":"2026-02-22T07:13:47.217-05:00","eventName":"n8n.node.started","message":"n8n.node.started","payload":{"workflowId":"L9sBM1MQk934J5qg","workflowName":"My workflow","executionId":"121","nodeType":"n8n-nodes-base.webhook","nodeName":"Webhook","nodeId":"91d61e27-914b-4048-9007-ec2041466e06"}}
{"__type":"$$EventMessageConfirm","confirm":"9969c17d-d2b4-42a0-bb3b-b02706d6dd06","ts":"2026-02-22T07:13:47.217-05:00","source":{"id":"0","name":"eventBus"}}
{"__type":"$$EventMessageNode","id":"ff6d7e61-729c-45ff-bad5-38d4629a9b20","ts":"2026-02-22T07:13:47.218-05:00","eventName":"n8n.node.finished","message":"n8n.node.finished","payload":{"workflowId":"L9sBM1MQk934J5qg","workflowName":"My workflow","executionId":"121","nodeType":"n8n-nodes-base.webhook","nodeName":"Webhook","nodeId":"91d61e27-914b-4048-9007-ec2041466e06"}}
{"__type":"$$EventMessageConfirm","confirm":"ff6d7e61-729c-45ff-bad5-38d4629a9b20","ts":"2026-02-22T07:13:47.218-05:00","source":{"id":"0","name":"eventBus"}}
{"__type":"$$EventMessageNode","id":"6bc43136-c427-4eb6-af29-38c7f202d753","ts":"2026-02-22T07:13:47.218-05:00","eventName":"n8n.node.started","message":"n8n.node.started","payload":{"workflowId":"L9sBM1MQk934J5qg","workflowName":"My workflow","executionId":"121","nodeType":"n8n-nodes-base.readWriteFile","nodeName":"Read/Write Files from Disk","nodeId":"17174a17-effa-446a-9641-1661eb1634e3"}}
{"__type":"$$EventMessageConfirm","confirm":"6bc43136-c427-4eb6-af29-38c7f202d753","ts":"2026-02-22T07:13:47.219-05:00","source":{"id":"0","name":"eventBus"}}
{"__type":"$$EventMessageNode","id":"05438b4b-fcc6-4f4e-a927-cecc3c176704","ts":"2026-02-22T07:13:47.222-05:00","eventName":"n8n.node.finished","message":"n8n.node.finished","payload":{"workflowId":"L9sBM1MQk934J5qg","workflowName":"My workflow","executionId":"121","nodeType":"n8n-nodes-base.readWriteFile","nodeName":"Read/Write Files from Disk","nodeId":"17174a17-effa-446a-9641-1661eb1634e3"}}
{"__type":"$$EventMessageConfirm","confirm":"05438b4b-fcc6-4f4e-a927-cecc3c176704","ts":"2026-02-22T07:13:47.222-05:00","source":{"id":"0","name":"eventBus"}}
{"__type":"$$EventMessageNode","id":"76ebf86d-b50a-4ff2-bc4e-100253737c36","ts":"2026-02-22T07:13:47.222-05:00","eventName":"n8n.node.started","message":"n8n.node.started","payload":{"workflowId":"L9sBM1MQk934J5qg","workflowName":"My workflow","executionId":"121","nodeType":"n8n-nodes-base.set","nodeName":"Edit Fields","nodeId":"5cea0da3-333f-4cd4-a40d-71f9271539b8"}}
{"__type":"$$EventMessageConfirm","confirm":"76ebf86d-b50a-4ff2-bc4e-100253737c36","ts":"2026-02-22T07:13:47.222-05:00","source":{"id":"0","name":"eventBus"}}
{"__type":"$$EventMessageNode","id":"596f45f0-e5cf-4794-b475-a80af1ffb0d5","ts":"2026-02-22T07:13:47.230-05:00","eventName":"n8n.node.finished","message":"n8n.node.finished","payload":{"workflowId":"L9sBM1MQk934J5qg","workflowName":"My workflow","executionId":"121","nodeType":"n8n-nodes-base.set","nodeName":"Edit Fields","nodeId":"5cea0da3-333f-4cd4-a40d-71f9271539b8"}}
{"__type":"$$EventMessageConfirm","confirm":"596f45f0-e5cf-4794-b475-a80af1ffb0d5","ts":"2026-02-22T07:13:47.230-05:00","source":{"id":"0","name":"eventBus"}}
{"__type":"$$EventMessageNode","id":"b8a3a5c2-2223-44e4-9613-e5b1550a58e0","ts":"2026-02-22T07:13:47.230-05:00","eventName":"n8n.node.started","message":"n8n.node.started","payload":{"workflowId":"L9sBM1MQk934J5qg","workflowName":"My workflow","executionId":"121","nodeType":"n8n-nodes-base.mySql","nodeName":"Execute a SQL query","nodeId":"fed555eb-461d-43f3-aa5b-555ffde10d47"}}
{"__type":"$$EventMessageConfirm","confirm":"b8a3a5c2-2223-44e4-9613-e5b1550a58e0","ts":"2026-02-22T07:13:47.230-05:00","source":{"id":"0","name":"eventBus"}}
{"__type":"$$EventMessageNode","id":"1324cc90-a704-444e-b098-6b62b08dc158","ts":"2026-02-22T07:13:47.238-05:00","eventName":"n8n.node.finished","message":"n8n.node.finished","payload":{"workflowId":"L9sBM1MQk934J5qg","workflowName":"My workflow","executionId":"121","nodeType":"n8n-nodes-base.mySql","nodeName":"Execute a SQL query","nodeId":"fed555eb-461d-43f3-aa5b-555ffde10d47"}}
{"__type":"$$EventMessageConfirm","confirm":"1324cc90-a704-444e-b098-6b62b08dc158","ts":"2026-02-22T07:13:47.238-05:00","source":{"id":"0","name":"eventBus"}}
{"__type":"$$EventMessageNode","id":"8d933820-4558-40ca-ac76-d2120b52173b","ts":"2026-02-22T07:13:47.238-05:00","eventName":"n8n.node.started","message":"n8n.node.started","payload":{"workflowId":"L9sBM1MQk934J5qg","workflowName":"My workflow","executionId":"121","nodeType":"n8n-nodes-base.httpRequest","nodeName":"HTTP Request","nodeId":"93d08cc2-6fc1-424f-9d6a-f5ae4fe2dace"}}
{"__type":"$$EventMessageConfirm","confirm":"8d933820-4558-40ca-ac76-d2120b52173b","ts":"2026-02-22T07:13:47.238-05:00","source":{"id":"0","name":"eventBus"}}
{"__type":"$$EventMessageNode","id":"a9b46dab-30a5-44e3-a38c-86c569189dfb","ts":"2026-02-22T07:13:47.249-05:00","eventName":"n8n.node.finished","message":"n8n.node.finished","payload":{"workflowId":"L9sBM1MQk934J5qg","workflowName":"My workflow","executionId":"121","nodeType":"n8n-nodes-base.httpRequest","nodeName":"HTTP Request","nodeId":"93d08cc2-6fc1-424f-9d6a-f5ae4fe2dace"}}
{"__type":"$$EventMessageConfirm","confirm":"a9b46dab-30a5-44e3-a38c-86c569189dfb","ts":"2026-02-22T07:13:47.249-05:00","source":{"id":"0","name":"eventBus"}}
{"__type":"$$EventMessageWorkflow","id":"e55f91ab-17c1-49dd-8aa0-2623f3159097","ts":"2026-02-22T07:13:47.249-05:00","eventName":"n8n.workflow.failed","message":"n8n.workflow.failed","payload":{"executionId":"121","success":false,"isManual":false,"workflowId":"L9sBM1MQk934J5qg","workflowName":"My workflow","lastNodeExecuted":"HTTP Request","errorNodeType":"n8n-nodes-base.httpRequest","errorMessage":"The resource you are requesting could not be found"}}
{"__type":"$$EventMessageConfirm","confirm":"e55f91ab-17c1-49dd-8aa0-2623f3159097","ts":"2026-02-22T07:13:47.249-05:00","source":{"id":"0","name":"eventBus"}}
