{"__type":"$$EventMessageWorkflow","id":"354a8967-1b98-4836-8093-7aa3f2191abf","ts":"2026-02-22T07:17:08.713-05:00","eventName":"n8n.workflow.started","message":"n8n.workflow.started","payload":{"executionId":"122","workflowId":"L9sBM1MQk934J5qg","isManual":false,"workflowName":"My workflow"}}
{"__type":"$$EventMessageConfirm","confirm":"354a8967-1b98-4836-8093-7aa3f2191abf","ts":"2026-02-22T07:17:08.713-05:00","source":{"id":"0","name":"eventBus"}}
{"__type":"$$EventMessageNode","id":"574c0980-c19b-4578-8685-61c598948a8f","ts":"2026-02-22T07:17:08.714-05:00","eventName":"n8n.node.started","message":"n8n.node.started","payload":{"workflowId":"L9sBM1MQk934J5qg","workflowName":"My workflow","executionId":"122","nodeType":"n8n-nodes-base.webhook","nodeName":"Webhook","nodeId":"91d61e27-914b-4048-9007-ec2041466e06"}}
{"__type":"$$EventMessageConfirm","confirm":"574c0980-c19b-4578-8685-61c598948a8f","ts":"2026-02-22T07:17:08.714-05:00","source":{"id":"0","name":"eventBus"}}
{"__type":"$$EventMessageNode","id":"466ac92c-b396-4399-a129-4adb89a09785","ts":"2026-02-22T07:17:08.716-05:00","eventName":"n8n.node.finished","message":"n8n.node.finished","payload":{"workflowId":"L9sBM1MQk934J5qg","workflowName":"My workflow","executionId":"122","nodeType":"n8n-nodes-base.webhook","nodeName":"Webhook","nodeId":"91d61e27-914b-4048-9007-ec2041466e06"}}
{"__type":"$$EventMessageConfirm","confirm":"466ac92c-b396-4399-a129-4adb89a09785","ts":"2026-02-22T07:17:08.716-05:00","source":{"id":"0","name":"eventBus"}}
{"__type":"$$EventMessageNode","id":"bdd9f685-86d2-4b4e-8781-335818edcf01","ts":"2026-02-22T07:17:08.716-05:00","eventName":"n8n.node.started","message":"n8n.node.started","payload":{"workflowId":"L9sBM1MQk934J5qg","workflowName":"My workflow","executionId":"122","nodeType":"n8n-nodes-base.readWriteFile","nodeName":"Read/Write Files from Disk","nodeId":"17174a17-effa-446a-9641-1661eb1634e3"}}
{"__type":"$$EventMessageConfirm","confirm":"bdd9f685-86d2-4b4e-8781-335818edcf01","ts":"2026-02-22T07:17:08.716-05:00","source":{"id":"0","name":"eventBus"}}
{"__type":"$$EventMessageNode","id":"c1f97a11-b16e-4670-9f05-934de711d56c","ts":"2026-02-22T07:17:08.725-05:00","eventName":"n8n.node.finished","message":"n8n.node.finished","payload":{"workflowId":"L9sBM1MQk934J5qg","workflowName":"My workflow","executionId":"122","nodeType":"n8n-nodes-base.readWriteFile","nodeName":"Read/Write Files from Disk","nodeId":"17174a17-effa-446a-9641-1661eb1634e3"}}
{"__type":"$$EventMessageConfirm","confirm":"c1f97a11-b16e-4670-9f05-934de711d56c","ts":"2026-02-22T07:17:08.725-05:00","source":{"id":"0","name":"eventBus"}}
{"__type":"$$EventMessageNode","id":"a6250797-d110-4273-8081-fcee7ad489f3","ts":"2026-02-22T07:17:08.726-05:00","eventName":"n8n.node.started","message":"n8n.node.started","payload":{"workflowId":"L9sBM1MQk934J5qg","workflowName":"My workflow","executionId":"122","nodeType":"n8n-nodes-base.set","nodeName":"Edit Fields","nodeId":"5cea0da3-333f-4cd4-a40d-71f9271539b8"}}
{"__type":"$$EventMessageConfirm","confirm":"a6250797-d110-4273-8081-fcee7ad489f3","ts":"2026-02-22T07:17:08.726-05:00","source":{"id":"0","name":"eventBus"}}
{"__type":"$$EventMessageNode","id":"751313d0-b726-4df4-b7ea-f720dfda2794","ts":"2026-02-22T07:17:08.749-05:00","eventName":"n8n.node.finished","message":"n8n.node.finished","payload":{"workflowId":"L9sBM1MQk934J5qg","workflowName":"My workflow","executionId":"122","nodeType":"n8n-nodes-base.set","nodeName":"Edit Fields","nodeId":"5cea0da3-333f-4cd4-a40d-71f9271539b8"}}
{"__type":"$$EventMessageConfirm","confirm":"751313d0-b726-4df4-b7ea-f720dfda2794","ts":"2026-02-22T07:17:08.750-05:00","source":{"id":"0","name":"eventBus"}}
{"__type":"$$EventMessageNode","id":"cb253773-d4ed-44dc-af4a-beb46859bc72","ts":"2026-02-22T07:17:08.750-05:00","eventName":"n8n.node.started","message":"n8n.node.started","payload":{"workflowId":"L9sBM1MQk934J5qg","workflowName":"My workflow","executionId":"122","nodeType":"n8n-nodes-base.mySql","nodeName":"Execute a SQL query","nodeId":"fed555eb-461d-43f3-aa5b-555ffde10d47"}}
{"__type":"$$EventMessageConfirm","confirm":"cb253773-d4ed-44dc-af4a-beb46859bc72","ts":"2026-02-22T07:17:08.750-05:00","source":{"id":"0","name":"eventBus"}}
{"__type":"$$EventMessageNode","id":"aed6f258-1793-413a-aac5-a8729381536d","ts":"2026-02-22T07:17:08.783-05:00","eventName":"n8n.node.finished","message":"n8n.node.finished","payload":{"workflowId":"L9sBM1MQk934J5qg","workflowName":"My workflow","executionId":"122","nodeType":"n8n-nodes-base.mySql","nodeName":"Execute a SQL query","nodeId":"fed555eb-461d-43f3-aa5b-555ffde10d47"}}
{"__type":"$$EventMessageConfirm","confirm":"aed6f258-1793-413a-aac5-a8729381536d","ts":"2026-02-22T07:17:08.784-05:00","source":{"id":"0","name":"eventBus"}}
{"__type":"$$EventMessageNode","id":"53408390-5d55-47a5-a6a8-643e286fb365","ts":"2026-02-22T07:17:08.784-05:00","eventName":"n8n.node.started","message":"n8n.node.started","payload":{"workflowId":"L9sBM1MQk934J5qg","workflowName":"My workflow","executionId":"122","nodeType":"n8n-nodes-base.httpRequest","nodeName":"HTTP Request","nodeId":"93d08cc2-6fc1-424f-9d6a-f5ae4fe2dace"}}
{"__type":"$$EventMessageConfirm","confirm":"53408390-5d55-47a5-a6a8-643e286fb365","ts":"2026-02-22T07:17:08.784-05:00","source":{"id":"0","name":"eventBus"}}
{"__type":"$$EventMessageNode","id":"d9526d37-4020-42bb-8220-474d3dff2470","ts":"2026-02-22T07:17:08.941-05:00","eventName":"n8n.node.finished","message":"n8n.node.finished","payload":{"workflowId":"L9sBM1MQk934J5qg","workflowName":"My workflow","executionId":"122","nodeType":"n8n-nodes-base.httpRequest","nodeName":"HTTP Request","nodeId":"93d08cc2-6fc1-424f-9d6a-f5ae4fe2dace"}}
{"__type":"$$EventMessageConfirm","confirm":"d9526d37-4020-42bb-8220-474d3dff2470","ts":"2026-02-22T07:17:08.941-05:00","source":{"id":"0","name":"eventBus"}}
{"__type":"$$EventMessageWorkflow","id":"735d4440-8236-4646-9d6d-e539471b22e9","ts":"2026-02-22T07:17:08.943-05:00","eventName":"n8n.workflow.failed","message":"n8n.workflow.failed","payload":{"executionId":"122","success":false,"isManual":false,"workflowId":"L9sBM1MQk934J5qg","workflowName":"My workflow","lastNodeExecuted":"HTTP Request","errorNodeType":"n8n-nodes-base.httpRequest","errorMessage":"The resource you are requesting could not be found"}}
{"__type":"$$EventMessageConfirm","confirm":"735d4440-8236-4646-9d6d-e539471b22e9","ts":"2026-02-22T07:17:08.943-05:00","source":{"id":"0","name":"eventBus"}}
