{"__type":"$$EventMessageWorkflow","id":"eb30b315-5713-44b6-adbf-bee62e7e827b","ts":"2026-02-22T07:21:02.865-05:00","eventName":"n8n.workflow.started","message":"n8n.workflow.started","payload":{"executionId":"123","workflowId":"L9sBM1MQk934J5qg","isManual":false,"workflowName":"My workflow"}}
{"__type":"$$EventMessageConfirm","confirm":"eb30b315-5713-44b6-adbf-bee62e7e827b","ts":"2026-02-22T07:21:02.866-05:00","source":{"id":"0","name":"eventBus"}}
{"__type":"$$EventMessageNode","id":"64370a8a-ce78-4c87-ae4c-ff38737ca969","ts":"2026-02-22T07:21:02.866-05:00","eventName":"n8n.node.started","message":"n8n.node.started","payload":{"workflowId":"L9sBM1MQk934J5qg","workflowName":"My workflow","executionId":"123","nodeType":"n8n-nodes-base.webhook","nodeName":"Webhook","nodeId":"91d61e27-914b-4048-9007-ec2041466e06"}}
{"__type":"$$EventMessageConfirm","confirm":"64370a8a-ce78-4c87-ae4c-ff38737ca969","ts":"2026-02-22T07:21:02.866-05:00","source":{"id":"0","name":"eventBus"}}
{"__type":"$$EventMessageNode","id":"70a3d8bc-4688-4445-b8f2-4a0f4bd2fbf3","ts":"2026-02-22T07:21:02.868-05:00","eventName":"n8n.node.finished","message":"n8n.node.finished","payload":{"workflowId":"L9sBM1MQk934J5qg","workflowName":"My workflow","executionId":"123","nodeType":"n8n-nodes-base.webhook","nodeName":"Webhook","nodeId":"91d61e27-914b-4048-9007-ec2041466e06"}}
{"__type":"$$EventMessageConfirm","confirm":"70a3d8bc-4688-4445-b8f2-4a0f4bd2fbf3","ts":"2026-02-22T07:21:02.868-05:00","source":{"id":"0","name":"eventBus"}}
{"__type":"$$EventMessageNode","id":"84bf80c0-d161-4c1a-a7be-56205c843f09","ts":"2026-02-22T07:21:02.868-05:00","eventName":"n8n.node.started","message":"n8n.node.started","payload":{"workflowId":"L9sBM1MQk934J5qg","workflowName":"My workflow","executionId":"123","nodeType":"n8n-nodes-base.readWriteFile","nodeName":"Read/Write Files from Disk","nodeId":"17174a17-effa-446a-9641-1661eb1634e3"}}
{"__type":"$$EventMessageConfirm","confirm":"84bf80c0-d161-4c1a-a7be-56205c843f09","ts":"2026-02-22T07:21:02.868-05:00","source":{"id":"0","name":"eventBus"}}
{"__type":"$$EventMessageNode","id":"7755319f-1636-483a-948b-f8691979404c","ts":"2026-02-22T07:21:02.878-05:00","eventName":"n8n.node.finished","message":"n8n.node.finished","payload":{"workflowId":"L9sBM1MQk934J5qg","workflowName":"My workflow","executionId":"123","nodeType":"n8n-nodes-base.readWriteFile","nodeName":"Read/Write Files from Disk","nodeId":"17174a17-effa-446a-9641-1661eb1634e3"}}
{"__type":"$$EventMessageConfirm","confirm":"7755319f-1636-483a-948b-f8691979404c","ts":"2026-02-22T07:21:02.878-05:00","source":{"id":"0","name":"eventBus"}}
{"__type":"$$EventMessageNode","id":"7b4d349d-5bae-4094-ae69-abd442820faf","ts":"2026-02-22T07:21:02.879-05:00","eventName":"n8n.node.started","message":"n8n.node.started","payload":{"workflowId":"L9sBM1MQk934J5qg","workflowName":"My workflow","executionId":"123","nodeType":"n8n-nodes-base.set","nodeName":"Edit Fields","nodeId":"5cea0da3-333f-4cd4-a40d-71f9271539b8"}}
{"__type":"$$EventMessageConfirm","confirm":"7b4d349d-5bae-4094-ae69-abd442820faf","ts":"2026-02-22T07:21:02.879-05:00","source":{"id":"0","name":"eventBus"}}
{"__type":"$$EventMessageNode","id":"91e5f7ad-b58e-4a39-8ab5-2d8a38d91112","ts":"2026-02-22T07:21:02.905-05:00","eventName":"n8n.node.finished","message":"n8n.node.finished","payload":{"workflowId":"L9sBM1MQk934J5qg","workflowName":"My workflow","executionId":"123","nodeType":"n8n-nodes-base.set","nodeName":"Edit Fields","nodeId":"5cea0da3-333f-4cd4-a40d-71f9271539b8"}}
{"__type":"$$EventMessageConfirm","confirm":"91e5f7ad-b58e-4a39-8ab5-2d8a38d91112","ts":"2026-02-22T07:21:02.905-05:00","source":{"id":"0","name":"eventBus"}}
{"__type":"$$EventMessageNode","id":"f788c293-02c2-4388-b9f3-5140d5fea5f3","ts":"2026-02-22T07:21:02.905-05:00","eventName":"n8n.node.started","message":"n8n.node.started","payload":{"workflowId":"L9sBM1MQk934J5qg","workflowName":"My workflow","executionId":"123","nodeType":"n8n-nodes-base.mySql","nodeName":"Execute a SQL query","nodeId":"fed555eb-461d-43f3-aa5b-555ffde10d47"}}
{"__type":"$$EventMessageConfirm","confirm":"f788c293-02c2-4388-b9f3-5140d5fea5f3","ts":"2026-02-22T07:21:02.905-05:00","source":{"id":"0","name":"eventBus"}}
{"__type":"$$EventMessageNode","id":"378eaec6-3f32-4f2d-a0cd-83bb37107d3b","ts":"2026-02-22T07:21:02.944-05:00","eventName":"n8n.node.finished","message":"n8n.node.finished","payload":{"workflowId":"L9sBM1MQk934J5qg","workflowName":"My workflow","executionId":"123","nodeType":"n8n-nodes-base.mySql","nodeName":"Execute a SQL query","nodeId":"fed555eb-461d-43f3-aa5b-555ffde10d47"}}
{"__type":"$$EventMessageConfirm","confirm":"378eaec6-3f32-4f2d-a0cd-83bb37107d3b","ts":"2026-02-22T07:21:02.944-05:00","source":{"id":"0","name":"eventBus"}}
{"__type":"$$EventMessageNode","id":"863cf6e0-d0ee-447c-82e9-606b9ac12597","ts":"2026-02-22T07:21:02.944-05:00","eventName":"n8n.node.started","message":"n8n.node.started","payload":{"workflowId":"L9sBM1MQk934J5qg","workflowName":"My workflow","executionId":"123","nodeType":"n8n-nodes-base.httpRequest","nodeName":"HTTP Request","nodeId":"93d08cc2-6fc1-424f-9d6a-f5ae4fe2dace"}}
{"__type":"$$EventMessageConfirm","confirm":"863cf6e0-d0ee-447c-82e9-606b9ac12597","ts":"2026-02-22T07:21:02.945-05:00","source":{"id":"0","name":"eventBus"}}
{"__type":"$$EventMessageNode","id":"022960c7-af5d-4ba3-b447-a5cee02dc991","ts":"2026-02-22T07:21:04.121-05:00","eventName":"n8n.node.finished","message":"n8n.node.finished","payload":{"workflowId":"L9sBM1MQk934J5qg","workflowName":"My workflow","executionId":"123","nodeType":"n8n-nodes-base.httpRequest","nodeName":"HTTP Request","nodeId":"93d08cc2-6fc1-424f-9d6a-f5ae4fe2dace"}}
{"__type":"$$EventMessageConfirm","confirm":"022960c7-af5d-4ba3-b447-a5cee02dc991","ts":"2026-02-22T07:21:04.122-05:00","source":{"id":"0","name":"eventBus"}}
{"__type":"$$EventMessageNode","id":"d4ec8e3d-1b1f-4466-8446-a834427f5eaa","ts":"2026-02-22T07:21:04.123-05:00","eventName":"n8n.node.started","message":"n8n.node.started","payload":{"workflowId":"L9sBM1MQk934J5qg","workflowName":"My workflow","executionId":"123","nodeType":"n8n-nodes-base.merge","nodeName":"Merge","nodeId":"f2a446f0-290b-401e-86b6-f7487f7318c9"}}
{"__type":"$$EventMessageConfirm","confirm":"d4ec8e3d-1b1f-4466-8446-a834427f5eaa","ts":"2026-02-22T07:21:04.123-05:00","source":{"id":"0","name":"eventBus"}}
{"__type":"$$EventMessageNode","id":"92951ff9-e4fd-4cc9-9843-764577d4bab0","ts":"2026-02-22T07:21:04.147-05:00","eventName":"n8n.node.finished","message":"n8n.node.finished","payload":{"workflowId":"L9sBM1MQk934J5qg","workflowName":"My workflow","executionId":"123","nodeType":"n8n-nodes-base.merge","nodeName":"Merge","nodeId":"f2a446f0-290b-401e-86b6-f7487f7318c9"}}
{"__type":"$$EventMessageConfirm","confirm":"92951ff9-e4fd-4cc9-9843-764577d4bab0","ts":"2026-02-22T07:21:04.147-05:00","source":{"id":"0","name":"eventBus"}}
{"__type":"$$EventMessageNode","id":"3007f9fc-06c4-4984-8996-10a8a9e1c84a","ts":"2026-02-22T07:21:04.148-05:00","eventName":"n8n.node.started","message":"n8n.node.started","payload":{"workflowId":"L9sBM1MQk934J5qg","workflowName":"My workflow","executionId":"123","nodeType":"n8n-nodes-base.code","nodeName":"Code in JavaScript","nodeId":"2f3162cb-e72d-4317-8f65-aad92bde7cbd"}}
{"__type":"$$EventMessageConfirm","confirm":"3007f9fc-06c4-4984-8996-10a8a9e1c84a","ts":"2026-02-22T07:21:04.148-05:00","source":{"id":"0","name":"eventBus"}}
{"__type":"$$EventMessageRunner","id":"e21ea716-629e-4468-b058-cacfc761f63d","ts":"2026-02-22T07:21:04.162-05:00","eventName":"n8n.runner.task.requested","message":"n8n.runner.task.requested","payload":{"taskId":"-andhTrv","nodeId":"2f3162cb-e72d-4317-8f65-aad92bde7cbd","workflowId":"L9sBM1MQk934J5qg","executionId":"123"}}
{"__type":"$$EventMessageConfirm","confirm":"e21ea716-629e-4468-b058-cacfc761f63d","ts":"2026-02-22T07:21:04.162-05:00","source":{"id":"0","name":"eventBus"}}
{"__type":"$$EventMessageRunner","id":"5e9b6964-b5f2-4e13-8bec-f52739506924","ts":"2026-02-22T07:21:04.249-05:00","eventName":"n8n.runner.response.received","message":"n8n.runner.response.received","payload":{"taskId":"-andhTrv","nodeId":"2f3162cb-e72d-4317-8f65-aad92bde7cbd","workflowId":"L9sBM1MQk934J5qg","executionId":"123"}}
{"__type":"$$EventMessageConfirm","confirm":"5e9b6964-b5f2-4e13-8bec-f52739506924","ts":"2026-02-22T07:21:04.249-05:00","source":{"id":"0","name":"eventBus"}}
{"__type":"$$EventMessageNode","id":"ea538a1b-65fb-45f1-9f75-610d3c631ba5","ts":"2026-02-22T07:21:04.250-05:00","eventName":"n8n.node.finished","message":"n8n.node.finished","payload":{"workflowId":"L9sBM1MQk934J5qg","workflowName":"My workflow","executionId":"123","nodeType":"n8n-nodes-base.code","nodeName":"Code in JavaScript","nodeId":"2f3162cb-e72d-4317-8f65-aad92bde7cbd"}}
{"__type":"$$EventMessageConfirm","confirm":"ea538a1b-65fb-45f1-9f75-610d3c631ba5","ts":"2026-02-22T07:21:04.250-05:00","source":{"id":"0","name":"eventBus"}}
{"__type":"$$EventMessageNode","id":"c2c6eea6-4a2d-4c1c-bebd-bf9f313db680","ts":"2026-02-22T07:21:04.252-05:00","eventName":"n8n.node.started","message":"n8n.node.started","payload":{"workflowId":"L9sBM1MQk934J5qg","workflowName":"My workflow","executionId":"123","nodeType":"n8n-nodes-base.httpRequest","nodeName":"Send Verification to Laravel","nodeId":"e6d76309-d2e8-4394-b0b0-57e6ce0940a3"}}
{"__type":"$$EventMessageConfirm","confirm":"c2c6eea6-4a2d-4c1c-bebd-bf9f313db680","ts":"2026-02-22T07:21:04.252-05:00","source":{"id":"0","name":"eventBus"}}
{"__type":"$$EventMessageNode","id":"7bc78bca-95d1-4911-b637-6f0767f80ff2","ts":"2026-02-22T07:21:04.431-05:00","eventName":"n8n.node.finished","message":"n8n.node.finished","payload":{"workflowId":"L9sBM1MQk934J5qg","workflowName":"My workflow","executionId":"123","nodeType":"n8n-nodes-base.httpRequest","nodeName":"Send Verification to Laravel","nodeId":"e6d76309-d2e8-4394-b0b0-57e6ce0940a3"}}
{"__type":"$$EventMessageConfirm","confirm":"7bc78bca-95d1-4911-b637-6f0767f80ff2","ts":"2026-02-22T07:21:04.431-05:00","source":{"id":"0","name":"eventBus"}}
{"__type":"$$EventMessageNode","id":"009d499f-7f11-4fa3-905b-993bfa376169","ts":"2026-02-22T07:21:04.432-05:00","eventName":"n8n.node.started","message":"n8n.node.started","payload":{"workflowId":"L9sBM1MQk934J5qg","workflowName":"My workflow","executionId":"123","nodeType":"n8n-nodes-base.httpRequest","nodeName":"HTTP Request1","nodeId":"357c1b70-f125-4f22-a921-5af51399b98f"}}
{"__type":"$$EventMessageConfirm","confirm":"009d499f-7f11-4fa3-905b-993bfa376169","ts":"2026-02-22T07:21:04.432-05:00","source":{"id":"0","name":"eventBus"}}
{"__type":"$$EventMessageNode","id":"eb415fb0-be20-4205-9921-0e3a270c995a","ts":"2026-02-22T07:21:04.607-05:00","eventName":"n8n.node.finished","message":"n8n.node.finished","payload":{"workflowId":"L9sBM1MQk934J5qg","workflowName":"My workflow","executionId":"123","nodeType":"n8n-nodes-base.httpRequest","nodeName":"HTTP Request1","nodeId":"357c1b70-f125-4f22-a921-5af51399b98f"}}
{"__type":"$$EventMessageConfirm","confirm":"eb415fb0-be20-4205-9921-0e3a270c995a","ts":"2026-02-22T07:21:04.608-05:00","source":{"id":"0","name":"eventBus"}}
{"__type":"$$EventMessageWorkflow","id":"4a5e8653-e9dc-434e-97db-e481db7f26e7","ts":"2026-02-22T07:21:04.609-05:00","eventName":"n8n.workflow.failed","message":"n8n.workflow.failed","payload":{"executionId":"123","success":false,"isManual":false,"workflowId":"L9sBM1MQk934J5qg","workflowName":"My workflow","lastNodeExecuted":"HTTP Request1","errorNodeType":"n8n-nodes-base.httpRequest","errorMessage":"The service was not able to process your request"}}
{"__type":"$$EventMessageConfirm","confirm":"4a5e8653-e9dc-434e-97db-e481db7f26e7","ts":"2026-02-22T07:21:04.609-05:00","source":{"id":"0","name":"eventBus"}}
{"__type":"$$EventMessageAudit","id":"0a4f6a34-ac30-401e-ab60-a175a40386d3","ts":"2026-02-22T07:22:52.411-05:00","eventName":"n8n.audit.workflow.updated","message":"n8n.audit.workflow.updated","payload":{"userId":"2cfd855e-e925-4037-91b7-b25cacedd3df","_email":"muhammadthifaaldzaki@gmail.com","_firstName":"Muhammad Thifaal","_lastName":"Dzaki","globalRole":"global:owner","workflowId":"L9sBM1MQk934J5qg","workflowName":"My workflow"}}
{"__type":"$$EventMessageConfirm","confirm":"0a4f6a34-ac30-401e-ab60-a175a40386d3","ts":"2026-02-22T07:22:52.411-05:00","source":{"id":"0","name":"eventBus"}}
{"__type":"$$EventMessageWorkflow","id":"c2e6c0e9-4d92-40b0-bd2b-c136fc9b14ec","ts":"2026-02-22T07:23:18.743-05:00","eventName":"n8n.workflow.started","message":"n8n.workflow.started","payload":{"executionId":"124","workflowId":"L9sBM1MQk934J5qg","isManual":false,"workflowName":"My workflow"}}
{"__type":"$$EventMessageConfirm","confirm":"c2e6c0e9-4d92-40b0-bd2b-c136fc9b14ec","ts":"2026-02-22T07:23:18.744-05:00","source":{"id":"0","name":"eventBus"}}
{"__type":"$$EventMessageNode","id":"be6feed5-1c92-41cd-8b76-2c219a32220c","ts":"2026-02-22T07:23:18.745-05:00","eventName":"n8n.node.started","message":"n8n.node.started","payload":{"workflowId":"L9sBM1MQk934J5qg","workflowName":"My workflow","executionId":"124","nodeType":"n8n-nodes-base.webhook","nodeName":"Webhook","nodeId":"91d61e27-914b-4048-9007-ec2041466e06"}}
{"__type":"$$EventMessageConfirm","confirm":"be6feed5-1c92-41cd-8b76-2c219a32220c","ts":"2026-02-22T07:23:18.745-05:00","source":{"id":"0","name":"eventBus"}}
{"__type":"$$EventMessageNode","id":"e62ffc81-8a26-4158-ad38-2a53237a2a89","ts":"2026-02-22T07:23:18.746-05:00","eventName":"n8n.node.finished","message":"n8n.node.finished","payload":{"workflowId":"L9sBM1MQk934J5qg","workflowName":"My workflow","executionId":"124","nodeType":"n8n-nodes-base.webhook","nodeName":"Webhook","nodeId":"91d61e27-914b-4048-9007-ec2041466e06"}}
{"__type":"$$EventMessageConfirm","confirm":"e62ffc81-8a26-4158-ad38-2a53237a2a89","ts":"2026-02-22T07:23:18.746-05:00","source":{"id":"0","name":"eventBus"}}
{"__type":"$$EventMessageNode","id":"664aee34-879b-4173-b7c8-b255a9ed2234","ts":"2026-02-22T07:23:18.746-05:00","eventName":"n8n.node.started","message":"n8n.node.started","payload":{"workflowId":"L9sBM1MQk934J5qg","workflowName":"My workflow","executionId":"124","nodeType":"n8n-nodes-base.readWriteFile","nodeName":"Read/Write Files from Disk","nodeId":"17174a17-effa-446a-9641-1661eb1634e3"}}
{"__type":"$$EventMessageConfirm","confirm":"664aee34-879b-4173-b7c8-b255a9ed2234","ts":"2026-02-22T07:23:18.746-05:00","source":{"id":"0","name":"eventBus"}}
{"__type":"$$EventMessageNode","id":"05f01040-011e-40d4-8349-24c01ca048f4","ts":"2026-02-22T07:23:18.753-05:00","eventName":"n8n.node.finished","message":"n8n.node.finished","payload":{"workflowId":"L9sBM1MQk934J5qg","workflowName":"My workflow","executionId":"124","nodeType":"n8n-nodes-base.readWriteFile","nodeName":"Read/Write Files from Disk","nodeId":"17174a17-effa-446a-9641-1661eb1634e3"}}
{"__type":"$$EventMessageConfirm","confirm":"05f01040-011e-40d4-8349-24c01ca048f4","ts":"2026-02-22T07:23:18.754-05:00","source":{"id":"0","name":"eventBus"}}
{"__type":"$$EventMessageNode","id":"79f828f6-cc13-453c-8d6d-f8c2ac7914f6","ts":"2026-02-22T07:23:18.754-05:00","eventName":"n8n.node.started","message":"n8n.node.started","payload":{"workflowId":"L9sBM1MQk934J5qg","workflowName":"My workflow","executionId":"124","nodeType":"n8n-nodes-base.set","nodeName":"Edit Fields","nodeId":"5cea0da3-333f-4cd4-a40d-71f9271539b8"}}
{"__type":"$$EventMessageConfirm","confirm":"79f828f6-cc13-453c-8d6d-f8c2ac7914f6","ts":"2026-02-22T07:23:18.754-05:00","source":{"id":"0","name":"eventBus"}}
{"__type":"$$EventMessageNode","id":"c260eafb-3eb9-4349-8a76-df455977ebef","ts":"2026-02-22T07:23:18.756-05:00","eventName":"n8n.node.finished","message":"n8n.node.finished","payload":{"workflowId":"L9sBM1MQk934J5qg","workflowName":"My workflow","executionId":"124","nodeType":"n8n-nodes-base.set","nodeName":"Edit Fields","nodeId":"5cea0da3-333f-4cd4-a40d-71f9271539b8"}}
{"__type":"$$EventMessageConfirm","confirm":"c260eafb-3eb9-4349-8a76-df455977ebef","ts":"2026-02-22T07:23:18.756-05:00","source":{"id":"0","name":"eventBus"}}
{"__type":"$$EventMessageNode","id":"4e7dd960-7d71-48b2-8757-9c861d44411f","ts":"2026-02-22T07:23:18.756-05:00","eventName":"n8n.node.started","message":"n8n.node.started","payload":{"workflowId":"L9sBM1MQk934J5qg","workflowName":"My workflow","executionId":"124","nodeType":"n8n-nodes-base.mySql","nodeName":"Execute a SQL query","nodeId":"fed555eb-461d-43f3-aa5b-555ffde10d47"}}
{"__type":"$$EventMessageConfirm","confirm":"4e7dd960-7d71-48b2-8757-9c861d44411f","ts":"2026-02-22T07:23:18.756-05:00","source":{"id":"0","name":"eventBus"}}
{"__type":"$$EventMessageNode","id":"b2828f27-c094-4227-b233-1e30e5f0fca8","ts":"2026-02-22T07:23:18.768-05:00","eventName":"n8n.node.finished","message":"n8n.node.finished","payload":{"workflowId":"L9sBM1MQk934J5qg","workflowName":"My workflow","executionId":"124","nodeType":"n8n-nodes-base.mySql","nodeName":"Execute a SQL query","nodeId":"fed555eb-461d-43f3-aa5b-555ffde10d47"}}
{"__type":"$$EventMessageConfirm","confirm":"b2828f27-c094-4227-b233-1e30e5f0fca8","ts":"2026-02-22T07:23:18.768-05:00","source":{"id":"0","name":"eventBus"}}
{"__type":"$$EventMessageNode","id":"90d8f4bc-4a59-4832-a8c0-d5d98b13091f","ts":"2026-02-22T07:23:18.769-05:00","eventName":"n8n.node.started","message":"n8n.node.started","payload":{"workflowId":"L9sBM1MQk934J5qg","workflowName":"My workflow","executionId":"124","nodeType":"n8n-nodes-base.httpRequest","nodeName":"HTTP Request","nodeId":"93d08cc2-6fc1-424f-9d6a-f5ae4fe2dace"}}
{"__type":"$$EventMessageConfirm","confirm":"90d8f4bc-4a59-4832-a8c0-d5d98b13091f","ts":"2026-02-22T07:23:18.769-05:00","source":{"id":"0","name":"eventBus"}}
{"__type":"$$EventMessageNode","id":"42d2716c-ab16-4d86-be19-d7d6379994ce","ts":"2026-02-22T07:23:19.852-05:00","eventName":"n8n.node.finished","message":"n8n.node.finished","payload":{"workflowId":"L9sBM1MQk934J5qg","workflowName":"My workflow","executionId":"124","nodeType":"n8n-nodes-base.httpRequest","nodeName":"HTTP Request","nodeId":"93d08cc2-6fc1-424f-9d6a-f5ae4fe2dace"}}
{"__type":"$$EventMessageConfirm","confirm":"42d2716c-ab16-4d86-be19-d7d6379994ce","ts":"2026-02-22T07:23:19.852-05:00","source":{"id":"0","name":"eventBus"}}
{"__type":"$$EventMessageNode","id":"493a1e94-c53b-4ec6-89e7-34f5b31312ca","ts":"2026-02-22T07:23:19.852-05:00","eventName":"n8n.node.started","message":"n8n.node.started","payload":{"workflowId":"L9sBM1MQk934J5qg","workflowName":"My workflow","executionId":"124","nodeType":"n8n-nodes-base.merge","nodeName":"Merge","nodeId":"f2a446f0-290b-401e-86b6-f7487f7318c9"}}
{"__type":"$$EventMessageConfirm","confirm":"493a1e94-c53b-4ec6-89e7-34f5b31312ca","ts":"2026-02-22T07:23:19.852-05:00","source":{"id":"0","name":"eventBus"}}
{"__type":"$$EventMessageNode","id":"dd233958-c471-457e-9e0c-1119b9a7382c","ts":"2026-02-22T07:23:19.853-05:00","eventName":"n8n.node.finished","message":"n8n.node.finished","payload":{"workflowId":"L9sBM1MQk934J5qg","workflowName":"My workflow","executionId":"124","nodeType":"n8n-nodes-base.merge","nodeName":"Merge","nodeId":"f2a446f0-290b-401e-86b6-f7487f7318c9"}}
{"__type":"$$EventMessageConfirm","confirm":"dd233958-c471-457e-9e0c-1119b9a7382c","ts":"2026-02-22T07:23:19.853-05:00","source":{"id":"0","name":"eventBus"}}
{"__type":"$$EventMessageNode","id":"cb47b648-49cf-44c0-8e6e-970e6590dd7d","ts":"2026-02-22T07:23:19.854-05:00","eventName":"n8n.node.started","message":"n8n.node.started","payload":{"workflowId":"L9sBM1MQk934J5qg","workflowName":"My workflow","executionId":"124","nodeType":"n8n-nodes-base.code","nodeName":"Code in JavaScript","nodeId":"2f3162cb-e72d-4317-8f65-aad92bde7cbd"}}
{"__type":"$$EventMessageConfirm","confirm":"cb47b648-49cf-44c0-8e6e-970e6590dd7d","ts":"2026-02-22T07:23:19.854-05:00","source":{"id":"0","name":"eventBus"}}
{"__type":"$$EventMessageRunner","id":"0a1fe733-f52d-49c6-b990-dd9740e1c695","ts":"2026-02-22T07:23:19.856-05:00","eventName":"n8n.runner.task.requested","message":"n8n.runner.task.requested","payload":{"taskId":"HF8gdRdG","nodeId":"2f3162cb-e72d-4317-8f65-aad92bde7cbd","workflowId":"L9sBM1MQk934J5qg","executionId":"124"}}
{"__type":"$$EventMessageConfirm","confirm":"0a1fe733-f52d-49c6-b990-dd9740e1c695","ts":"2026-02-22T07:23:19.856-05:00","source":{"id":"0","name":"eventBus"}}
{"__type":"$$EventMessageRunner","id":"299dabea-cf0a-418a-9011-ec87fa096c1d","ts":"2026-02-22T07:23:19.865-05:00","eventName":"n8n.runner.response.received","message":"n8n.runner.response.received","payload":{"taskId":"HF8gdRdG","nodeId":"2f3162cb-e72d-4317-8f65-aad92bde7cbd","workflowId":"L9sBM1MQk934J5qg","executionId":"124"}}
{"__type":"$$EventMessageConfirm","confirm":"299dabea-cf0a-418a-9011-ec87fa096c1d","ts":"2026-02-22T07:23:19.865-05:00","source":{"id":"0","name":"eventBus"}}
{"__type":"$$EventMessageNode","id":"08562c4c-700b-43d7-bf4c-bdd77640f968","ts":"2026-02-22T07:23:19.865-05:00","eventName":"n8n.node.finished","message":"n8n.node.finished","payload":{"workflowId":"L9sBM1MQk934J5qg","workflowName":"My workflow","executionId":"124","nodeType":"n8n-nodes-base.code","nodeName":"Code in JavaScript","nodeId":"2f3162cb-e72d-4317-8f65-aad92bde7cbd"}}
{"__type":"$$EventMessageConfirm","confirm":"08562c4c-700b-43d7-bf4c-bdd77640f968","ts":"2026-02-22T07:23:19.865-05:00","source":{"id":"0","name":"eventBus"}}
{"__type":"$$EventMessageNode","id":"e7cbaaa8-202a-41a7-8a80-fdf4b3378d85","ts":"2026-02-22T07:23:19.866-05:00","eventName":"n8n.node.started","message":"n8n.node.started","payload":{"workflowId":"L9sBM1MQk934J5qg","workflowName":"My workflow","executionId":"124","nodeType":"n8n-nodes-base.httpRequest","nodeName":"Send Verification to Laravel","nodeId":"e6d76309-d2e8-4394-b0b0-57e6ce0940a3"}}
{"__type":"$$EventMessageConfirm","confirm":"e7cbaaa8-202a-41a7-8a80-fdf4b3378d85","ts":"2026-02-22T07:23:19.866-05:00","source":{"id":"0","name":"eventBus"}}
{"__type":"$$EventMessageNode","id":"b9fec62f-f4b2-4e0a-b8a7-605e660e7722","ts":"2026-02-22T07:23:19.947-05:00","eventName":"n8n.node.finished","message":"n8n.node.finished","payload":{"workflowId":"L9sBM1MQk934J5qg","workflowName":"My workflow","executionId":"124","nodeType":"n8n-nodes-base.httpRequest","nodeName":"Send Verification to Laravel","nodeId":"e6d76309-d2e8-4394-b0b0-57e6ce0940a3"}}
{"__type":"$$EventMessageConfirm","confirm":"b9fec62f-f4b2-4e0a-b8a7-605e660e7722","ts":"2026-02-22T07:23:19.947-05:00","source":{"id":"0","name":"eventBus"}}
{"__type":"$$EventMessageNode","id":"04dec2a6-6e1c-4ef3-946d-dec74e3a204f","ts":"2026-02-22T07:23:19.947-05:00","eventName":"n8n.node.started","message":"n8n.node.started","payload":{"workflowId":"L9sBM1MQk934J5qg","workflowName":"My workflow","executionId":"124","nodeType":"n8n-nodes-base.httpRequest","nodeName":"HTTP Request1","nodeId":"357c1b70-f125-4f22-a921-5af51399b98f"}}
{"__type":"$$EventMessageConfirm","confirm":"04dec2a6-6e1c-4ef3-946d-dec74e3a204f","ts":"2026-02-22T07:23:19.947-05:00","source":{"id":"0","name":"eventBus"}}
{"__type":"$$EventMessageNode","id":"695a28dc-3eca-4148-a155-11267b63f04c","ts":"2026-02-22T07:23:20.033-05:00","eventName":"n8n.node.finished","message":"n8n.node.finished","payload":{"workflowId":"L9sBM1MQk934J5qg","workflowName":"My workflow","executionId":"124","nodeType":"n8n-nodes-base.httpRequest","nodeName":"HTTP Request1","nodeId":"357c1b70-f125-4f22-a921-5af51399b98f"}}
{"__type":"$$EventMessageConfirm","confirm":"695a28dc-3eca-4148-a155-11267b63f04c","ts":"2026-02-22T07:23:20.033-05:00","source":{"id":"0","name":"eventBus"}}
{"__type":"$$EventMessageWorkflow","id":"c18c352d-5e48-4c0f-ac29-0a3c0c42afee","ts":"2026-02-22T07:23:20.033-05:00","eventName":"n8n.workflow.success","message":"n8n.workflow.success","payload":{"executionId":"124","success":true,"isManual":false,"workflowId":"L9sBM1MQk934J5qg","workflowName":"My workflow"}}
{"__type":"$$EventMessageConfirm","confirm":"c18c352d-5e48-4c0f-ac29-0a3c0c42afee","ts":"2026-02-22T07:23:20.033-05:00","source":{"id":"0","name":"eventBus"}}
